---------------------------------------------------------------
[ 2023-02-25T23:48:14+08:00 ] 220.197.193.195 GET xjc.demo.hongcd.com/api/video/videoRecommend?page=1&uid=1
[运行时间：0.051135s] [吞吐率：19.56req/s] [内存消耗：3,545.73kb] [文件加载：124]
[ info ] [ BEHAVIOR ] Run Closure @app_init [ RunTime:0.000015s ]
[ info ] [ CACHE ] INIT File
[ info ] [ BEHAVIOR ] Run Closure @app_init [ RunTime:0.001044s ]
[ info ] [ LANG ] /www/wwwroot/xjc.demo.hongcd.com/thinkphp/lang/zh-cn.php
[ info ] [ BEHAVIOR ] Run app\common\behavior\Common @app_dispatch [ RunTime:0.000209s ]
[ info ] [ ROUTE ] array (
  'type' => 'module',
  'module' => 
  array (
    0 => 'api',
    1 => 'video',
    2 => 'videoRecommend',
  ),
)
[ info ] [ HEADER ] array (
  'accept-encoding' => 'gzip, deflate, br',
  'referer' => 'https://servicewechat.com/wx4e210224454a36da/devtools/page-frame.html',
  'sec-fetch-dest' => 'empty',
  'sec-fetch-mode' => 'cors',
  'sec-fetch-site' => 'cross-site',
  'accept' => '*/*',
  'content-type' => 'application/json',
  'user-agent' => 'Mozilla/5.0 (iPhone; CPU iPhone OS 11_0 like Mac OS X) AppleWebKit/604.1.38 (KHTML, like Gecko) Version/11.0 Mobile/15A372 Safari/604.1 wechatdevtools/1.06.2210310 MicroMessenger/8.0.5 Language/zh_CN webview/',
  'connection' => 'keep-alive',
  'host' => 'xjc.demo.hongcd.com',
  'content-length' => '',
)
[ info ] [ PARAM ] array (
  'page' => '1',
  'uid' => '1',
)
[ info ] [ LANG ] /www/wwwroot/xjc.demo.hongcd.com/public/../application/api/lang/zh-cn.php
[ info ] [ BEHAVIOR ] Run app\common\behavior\Common @module_init [ RunTime:0.001033s ]
[ info ] [ RUN ] app\api\controller\Video->videoRecommend[ /www/wwwroot/xjc.demo.hongcd.com/application/api/controller/Video.php ]
[ info ] [ DB ] INIT mysql
[ info ] [ LOG ] INIT File
---------------------------------------------------------------
[ 2023-02-25T23:48:15+08:00 ] 220.197.193.195 GET xjc.demo.hongcd.com/api/video/videoRecommend?page=1&uid=0
[运行时间：0.049893s] [吞吐率：20.04req/s] [内存消耗：3,534.40kb] [文件加载：125]
[ info ] [ BEHAVIOR ] Run Closure @app_init [ RunTime:0.000021s ]
[ info ] [ CACHE ] INIT File
[ info ] [ BEHAVIOR ] Run Closure @app_init [ RunTime:0.001006s ]
[ info ] [ LANG ] /www/wwwroot/xjc.demo.hongcd.com/thinkphp/lang/zh-cn.php
[ info ] [ BEHAVIOR ] Run app\common\behavior\Common @app_dispatch [ RunTime:0.000204s ]
[ info ] [ ROUTE ] array (
  'type' => 'module',
  'module' => 
  array (
    0 => 'api',
    1 => 'video',
    2 => 'videoRecommend',
  ),
)
[ info ] [ HEADER ] array (
  'accept-language' => 'zh-CN,zh;q=0.9',
  'accept-encoding' => 'gzip, deflate, br',
  'referer' => 'https://localhost:9999/h5/',
  'sec-fetch-mode' => 'cors',
  'sec-fetch-site' => 'cross-site',
  'origin' => 'https://localhost:9999',
  'accept' => '*/*',
  'user-agent' => 'Mozilla/5.0 (iPhone; CPU iPhone OS 11_0 like Mac OS X) AppleWebKit/604.1.38 (KHTML, like Gecko) Version/11.0 Mobile/15A372 Safari/604.1',
  'host' => 'xjc.demo.hongcd.com',
  'content-type' => '',
  'content-length' => '',
)
[ info ] [ PARAM ] array (
  'page' => '1',
  'uid' => '0',
)
[ info ] [ LANG ] /www/wwwroot/xjc.demo.hongcd.com/public/../application/api/lang/zh-cn.php
[ info ] [ BEHAVIOR ] Run app\common\behavior\Common @module_init [ RunTime:0.000968s ]
[ info ] [ RUN ] app\api\controller\Video->videoRecommend[ /www/wwwroot/xjc.demo.hongcd.com/application/api/controller/Video.php ]
[ info ] [ DB ] INIT mysql
[ info ] [ LOG ] INIT File
---------------------------------------------------------------
[ 2023-02-25T23:48:19+08:00 ] 220.197.193.195 GET xjc.demo.hongcd.com/api/video/videoRecommend?page=1&uid=1
[运行时间：0.049521s] [吞吐率：20.19req/s] [内存消耗：3,534.88kb] [文件加载：125]
[ info ] [ BEHAVIOR ] Run Closure @app_init [ RunTime:0.000016s ]
[ info ] [ CACHE ] INIT File
[ info ] [ BEHAVIOR ] Run Closure @app_init [ RunTime:0.001088s ]
[ info ] [ LANG ] /www/wwwroot/xjc.demo.hongcd.com/thinkphp/lang/zh-cn.php
[ info ] [ BEHAVIOR ] Run app\common\behavior\Common @app_dispatch [ RunTime:0.000215s ]
[ info ] [ ROUTE ] array (
  'type' => 'module',
  'module' => 
  array (
    0 => 'api',
    1 => 'video',
    2 => 'videoRecommend',
  ),
)
[ info ] [ HEADER ] array (
  'accept-encoding' => 'gzip, deflate, br',
  'referer' => 'https://servicewechat.com/wx4e210224454a36da/devtools/page-frame.html',
  'sec-fetch-dest' => 'empty',
  'sec-fetch-mode' => 'cors',
  'sec-fetch-site' => 'cross-site',
  'accept' => '*/*',
  'content-type' => 'application/json',
  'user-agent' => 'Mozilla/5.0 (iPhone; CPU iPhone OS 11_0 like Mac OS X) AppleWebKit/604.1.38 (KHTML, like Gecko) Version/11.0 Mobile/15A372 Safari/604.1 wechatdevtools/1.06.2210310 MicroMessenger/8.0.5 Language/zh_CN webview/',
  'connection' => 'keep-alive',
  'host' => 'xjc.demo.hongcd.com',
  'content-length' => '',
)
[ info ] [ PARAM ] array (
  'page' => '1',
  'uid' => '1',
)
[ info ] [ LANG ] /www/wwwroot/xjc.demo.hongcd.com/public/../application/api/lang/zh-cn.php
[ info ] [ BEHAVIOR ] Run app\common\behavior\Common @module_init [ RunTime:0.000980s ]
[ info ] [ RUN ] app\api\controller\Video->videoRecommend[ /www/wwwroot/xjc.demo.hongcd.com/application/api/controller/Video.php ]
[ info ] [ DB ] INIT mysql
[ info ] [ LOG ] INIT File
---------------------------------------------------------------
[ 2023-02-25T23:48:33+08:00 ] 220.197.193.195 GET xjc.demo.hongcd.com/api/video/videoRecommend?page=2&uid=1
[运行时间：0.047581s] [吞吐率：21.02req/s] [内存消耗：3,535.94kb] [文件加载：125]
[ info ] [ BEHAVIOR ] Run Closure @app_init [ RunTime:0.000014s ]
[ info ] [ CACHE ] INIT File
[ info ] [ BEHAVIOR ] Run Closure @app_init [ RunTime:0.000918s ]
[ info ] [ LANG ] /www/wwwroot/xjc.demo.hongcd.com/thinkphp/lang/zh-cn.php
[ info ] [ BEHAVIOR ] Run app\common\behavior\Common @app_dispatch [ RunTime:0.000212s ]
[ info ] [ ROUTE ] array (
  'type' => 'module',
  'module' => 
  array (
    0 => 'api',
    1 => 'video',
    2 => 'videoRecommend',
  ),
)
[ info ] [ HEADER ] array (
  'accept-encoding' => 'gzip, deflate, br',
  'referer' => 'https://servicewechat.com/wx4e210224454a36da/devtools/page-frame.html',
  'sec-fetch-dest' => 'empty',
  'sec-fetch-mode' => 'cors',
  'sec-fetch-site' => 'cross-site',
  'accept' => '*/*',
  'content-type' => 'application/json',
  'user-agent' => 'Mozilla/5.0 (iPhone; CPU iPhone OS 11_0 like Mac OS X) AppleWebKit/604.1.38 (KHTML, like Gecko) Version/11.0 Mobile/15A372 Safari/604.1 wechatdevtools/1.06.2210310 MicroMessenger/8.0.5 Language/zh_CN webview/',
  'connection' => 'keep-alive',
  'host' => 'xjc.demo.hongcd.com',
  'content-length' => '',
)
[ info ] [ PARAM ] array (
  'page' => '2',
  'uid' => '1',
)
[ info ] [ LANG ] /www/wwwroot/xjc.demo.hongcd.com/public/../application/api/lang/zh-cn.php
[ info ] [ BEHAVIOR ] Run app\common\behavior\Common @module_init [ RunTime:0.000893s ]
[ info ] [ RUN ] app\api\controller\Video->videoRecommend[ /www/wwwroot/xjc.demo.hongcd.com/application/api/controller/Video.php ]
[ info ] [ DB ] INIT mysql
[ info ] [ LOG ] INIT File
---------------------------------------------------------------
[ 2023-02-25T23:48:41+08:00 ] 220.197.193.195 GET xjc.demo.hongcd.com/api/video/videoRecommend?page=3&uid=1
[运行时间：0.050156s] [吞吐率：19.94req/s] [内存消耗：3,533.15kb] [文件加载：125]
[ info ] [ BEHAVIOR ] Run Closure @app_init [ RunTime:0.000020s ]
[ info ] [ CACHE ] INIT File
[ info ] [ BEHAVIOR ] Run Closure @app_init [ RunTime:0.001015s ]
[ info ] [ LANG ] /www/wwwroot/xjc.demo.hongcd.com/thinkphp/lang/zh-cn.php
[ info ] [ BEHAVIOR ] Run app\common\behavior\Common @app_dispatch [ RunTime:0.000210s ]
[ info ] [ ROUTE ] array (
  'type' => 'module',
  'module' => 
  array (
    0 => 'api',
    1 => 'video',
    2 => 'videoRecommend',
  ),
)
[ info ] [ HEADER ] array (
  'accept-encoding' => 'gzip, deflate, br',
  'referer' => 'https://servicewechat.com/wx4e210224454a36da/devtools/page-frame.html',
  'sec-fetch-dest' => 'empty',
  'sec-fetch-mode' => 'cors',
  'sec-fetch-site' => 'cross-site',
  'accept' => '*/*',
  'content-type' => 'application/json',
  'user-agent' => 'Mozilla/5.0 (iPhone; CPU iPhone OS 11_0 like Mac OS X) AppleWebKit/604.1.38 (KHTML, like Gecko) Version/11.0 Mobile/15A372 Safari/604.1 wechatdevtools/1.06.2210310 MicroMessenger/8.0.5 Language/zh_CN webview/',
  'connection' => 'keep-alive',
  'host' => 'xjc.demo.hongcd.com',
  'content-length' => '',
)
[ info ] [ PARAM ] array (
  'page' => '3',
  'uid' => '1',
)
[ info ] [ LANG ] /www/wwwroot/xjc.demo.hongcd.com/public/../application/api/lang/zh-cn.php
[ info ] [ BEHAVIOR ] Run app\common\behavior\Common @module_init [ RunTime:0.001007s ]
[ info ] [ RUN ] app\api\controller\Video->videoRecommend[ /www/wwwroot/xjc.demo.hongcd.com/application/api/controller/Video.php ]
[ info ] [ DB ] INIT mysql
[ info ] [ LOG ] INIT File
---------------------------------------------------------------
[ 2023-02-25T23:48:59+08:00 ] 220.197.193.195 GET xjc.demo.hongcd.com/api/video/videoRecommend?page=2&uid=0
[运行时间：0.046860s] [吞吐率：21.34req/s] [内存消耗：3,535.46kb] [文件加载：125]
[ info ] [ BEHAVIOR ] Run Closure @app_init [ RunTime:0.000015s ]
[ info ] [ CACHE ] INIT File
[ info ] [ BEHAVIOR ] Run Closure @app_init [ RunTime:0.001020s ]
[ info ] [ LANG ] /www/wwwroot/xjc.demo.hongcd.com/thinkphp/lang/zh-cn.php
[ info ] [ BEHAVIOR ] Run app\common\behavior\Common @app_dispatch [ RunTime:0.000189s ]
[ info ] [ ROUTE ] array (
  'type' => 'module',
  'module' => 
  array (
    0 => 'api',
    1 => 'video',
    2 => 'videoRecommend',
  ),
)
[ info ] [ HEADER ] array (
  'accept-language' => 'zh-CN,zh;q=0.9',
  'accept-encoding' => 'gzip, deflate, br',
  'referer' => 'https://localhost:9999/h5/',
  'sec-fetch-mode' => 'cors',
  'sec-fetch-site' => 'cross-site',
  'origin' => 'https://localhost:9999',
  'accept' => '*/*',
  'user-agent' => 'Mozilla/5.0 (iPhone; CPU iPhone OS 11_0 like Mac OS X) AppleWebKit/604.1.38 (KHTML, like Gecko) Version/11.0 Mobile/15A372 Safari/604.1',
  'host' => 'xjc.demo.hongcd.com',
  'content-type' => '',
  'content-length' => '',
)
[ info ] [ PARAM ] array (
  'page' => '2',
  'uid' => '0',
)
[ info ] [ LANG ] /www/wwwroot/xjc.demo.hongcd.com/public/../application/api/lang/zh-cn.php
[ info ] [ BEHAVIOR ] Run app\common\behavior\Common @module_init [ RunTime:0.000881s ]
[ info ] [ RUN ] app\api\controller\Video->videoRecommend[ /www/wwwroot/xjc.demo.hongcd.com/application/api/controller/Video.php ]
[ info ] [ DB ] INIT mysql
[ info ] [ LOG ] INIT File
---------------------------------------------------------------
[ 2023-02-25T23:48:59+08:00 ] 220.197.193.195 GET xjc.demo.hongcd.com/api/video/videoRecommend?page=4&uid=1
[运行时间：0.035240s] [吞吐率：28.38req/s] [内存消耗：3,475.47kb] [文件加载：124]
[ info ] [ BEHAVIOR ] Run Closure @app_init [ RunTime:0.000015s ]
[ info ] [ CACHE ] INIT File
[ info ] [ BEHAVIOR ] Run Closure @app_init [ RunTime:0.001010s ]
[ info ] [ LANG ] /www/wwwroot/xjc.demo.hongcd.com/thinkphp/lang/zh-cn.php
[ info ] [ BEHAVIOR ] Run app\common\behavior\Common @app_dispatch [ RunTime:0.000203s ]
[ info ] [ ROUTE ] array (
  'type' => 'module',
  'module' => 
  array (
    0 => 'api',
    1 => 'video',
    2 => 'videoRecommend',
  ),
)
[ info ] [ HEADER ] array (
  'accept-encoding' => 'gzip, deflate, br',
  'referer' => 'https://servicewechat.com/wx4e210224454a36da/devtools/page-frame.html',
  'sec-fetch-dest' => 'empty',
  'sec-fetch-mode' => 'cors',
  'sec-fetch-site' => 'cross-site',
  'accept' => '*/*',
  'content-type' => 'application/json',
  'user-agent' => 'Mozilla/5.0 (iPhone; CPU iPhone OS 11_0 like Mac OS X) AppleWebKit/604.1.38 (KHTML, like Gecko) Version/11.0 Mobile/15A372 Safari/604.1 wechatdevtools/1.06.2210310 MicroMessenger/8.0.5 Language/zh_CN webview/',
  'connection' => 'keep-alive',
  'host' => 'xjc.demo.hongcd.com',
  'content-length' => '',
)
[ info ] [ PARAM ] array (
  'page' => '4',
  'uid' => '1',
)
[ info ] [ LANG ] /www/wwwroot/xjc.demo.hongcd.com/public/../application/api/lang/zh-cn.php
[ info ] [ BEHAVIOR ] Run app\common\behavior\Common @module_init [ RunTime:0.000947s ]
[ info ] [ RUN ] app\api\controller\Video->videoRecommend[ /www/wwwroot/xjc.demo.hongcd.com/application/api/controller/Video.php ]
[ info ] [ DB ] INIT mysql
[ info ] [ LOG ] INIT File
---------------------------------------------------------------
[ 2023-02-25T23:50:00+08:00 ] 220.197.193.195 GET xjc.demo.hongcd.com/api/video/videoRecommend?page=1&uid=1
[运行时间：0.047087s] [吞吐率：21.24req/s] [内存消耗：3,534.88kb] [文件加载：125]
[ info ] [ BEHAVIOR ] Run Closure @app_init [ RunTime:0.000014s ]
[ info ] [ CACHE ] INIT File
[ info ] [ BEHAVIOR ] Run Closure @app_init [ RunTime:0.000913s ]
[ info ] [ LANG ] /www/wwwroot/xjc.demo.hongcd.com/thinkphp/lang/zh-cn.php
[ info ] [ BEHAVIOR ] Run app\common\behavior\Common @app_dispatch [ RunTime:0.000185s ]
[ info ] [ ROUTE ] array (
  'type' => 'module',
  'module' => 
  array (
    0 => 'api',
    1 => 'video',
    2 => 'videoRecommend',
  ),
)
[ info ] [ HEADER ] array (
  'accept-encoding' => 'gzip, deflate, br',
  'referer' => 'https://servicewechat.com/wx4e210224454a36da/devtools/page-frame.html',
  'sec-fetch-dest' => 'empty',
  'sec-fetch-mode' => 'cors',
  'sec-fetch-site' => 'cross-site',
  'accept' => '*/*',
  'content-type' => 'application/json',
  'user-agent' => 'Mozilla/5.0 (iPhone; CPU iPhone OS 11_0 like Mac OS X) AppleWebKit/604.1.38 (KHTML, like Gecko) Version/11.0 Mobile/15A372 Safari/604.1 wechatdevtools/1.06.2210310 MicroMessenger/8.0.5 Language/zh_CN webview/',
  'connection' => 'keep-alive',
  'host' => 'xjc.demo.hongcd.com',
  'content-length' => '',
)
[ info ] [ PARAM ] array (
  'page' => '1',
  'uid' => '1',
)
[ info ] [ LANG ] /www/wwwroot/xjc.demo.hongcd.com/public/../application/api/lang/zh-cn.php
[ info ] [ BEHAVIOR ] Run app\common\behavior\Common @module_init [ RunTime:0.000902s ]
[ info ] [ RUN ] app\api\controller\Video->videoRecommend[ /www/wwwroot/xjc.demo.hongcd.com/application/api/controller/Video.php ]
[ info ] [ DB ] INIT mysql
[ info ] [ LOG ] INIT File
---------------------------------------------------------------
[ 2023-02-25T23:50:00+08:00 ] 220.197.193.195 GET xjc.demo.hongcd.com/api/video/videoRecommend?page=1&uid=0
[运行时间：0.045152s] [吞吐率：22.15req/s] [内存消耗：3,534.40kb] [文件加载：125]
[ info ] [ BEHAVIOR ] Run Closure @app_init [ RunTime:0.000015s ]
[ info ] [ CACHE ] INIT File
[ info ] [ BEHAVIOR ] Run Closure @app_init [ RunTime:0.000861s ]
[ info ] [ LANG ] /www/wwwroot/xjc.demo.hongcd.com/thinkphp/lang/zh-cn.php
[ info ] [ BEHAVIOR ] Run app\common\behavior\Common @app_dispatch [ RunTime:0.000177s ]
[ info ] [ ROUTE ] array (
  'type' => 'module',
  'module' => 
  array (
    0 => 'api',
    1 => 'video',
    2 => 'videoRecommend',
  ),
)
[ info ] [ HEADER ] array (
  'accept-language' => 'zh-CN,zh;q=0.9',
  'accept-encoding' => 'gzip, deflate, br',
  'referer' => 'https://localhost:9999/h5/',
  'sec-fetch-mode' => 'cors',
  'sec-fetch-site' => 'cross-site',
  'origin' => 'https://localhost:9999',
  'accept' => '*/*',
  'user-agent' => 'Mozilla/5.0 (iPhone; CPU iPhone OS 11_0 like Mac OS X) AppleWebKit/604.1.38 (KHTML, like Gecko) Version/11.0 Mobile/15A372 Safari/604.1',
  'host' => 'xjc.demo.hongcd.com',
  'content-type' => '',
  'content-length' => '',
)
[ info ] [ PARAM ] array (
  'page' => '1',
  'uid' => '0',
)
[ info ] [ LANG ] /www/wwwroot/xjc.demo.hongcd.com/public/../application/api/lang/zh-cn.php
[ info ] [ BEHAVIOR ] Run app\common\behavior\Common @module_init [ RunTime:0.000852s ]
[ info ] [ RUN ] app\api\controller\Video->videoRecommend[ /www/wwwroot/xjc.demo.hongcd.com/application/api/controller/Video.php ]
[ info ] [ DB ] INIT mysql
[ info ] [ LOG ] INIT File
---------------------------------------------------------------
[ 2023-02-25T23:50:04+08:00 ] 220.197.193.195 GET xjc.demo.hongcd.com/api/video/indexdata
[运行时间：0.056203s] [吞吐率：17.79req/s] [内存消耗：3,851.55kb] [文件加载：133]
[ info ] [ BEHAVIOR ] Run Closure @app_init [ RunTime:0.000016s ]
[ info ] [ CACHE ] INIT File
[ info ] [ BEHAVIOR ] Run Closure @app_init [ RunTime:0.001027s ]
[ info ] [ LANG ] /www/wwwroot/xjc.demo.hongcd.com/thinkphp/lang/zh-cn.php
[ info ] [ BEHAVIOR ] Run app\common\behavior\Common @app_dispatch [ RunTime:0.000219s ]
[ info ] [ ROUTE ] array (
  'type' => 'module',
  'module' => 
  array (
    0 => 'api',
    1 => 'video',
    2 => 'indexdata',
  ),
)
[ info ] [ HEADER ] array (
  'accept-encoding' => 'gzip, deflate, br',
  'referer' => 'https://servicewechat.com/wx4e210224454a36da/devtools/page-frame.html',
  'sec-fetch-dest' => 'empty',
  'sec-fetch-mode' => 'cors',
  'sec-fetch-site' => 'cross-site',
  'accept' => '*/*',
  'content-type' => 'application/json',
  'user-agent' => 'Mozilla/5.0 (iPhone; CPU iPhone OS 11_0 like Mac OS X) AppleWebKit/604.1.38 (KHTML, like Gecko) Version/11.0 Mobile/15A372 Safari/604.1 wechatdevtools/1.06.2210310 MicroMessenger/8.0.5 Language/zh_CN webview/',
  'connection' => 'keep-alive',
  'host' => 'xjc.demo.hongcd.com',
  'content-length' => '',
)
[ info ] [ PARAM ] array (
)
[ info ] [ LANG ] /www/wwwroot/xjc.demo.hongcd.com/public/../application/api/lang/zh-cn.php
[ info ] [ BEHAVIOR ] Run app\common\behavior\Common @module_init [ RunTime:0.000946s ]
[ info ] [ RUN ] app\api\controller\Video->indexdata[ /www/wwwroot/xjc.demo.hongcd.com/application/api/controller/Video.php ]
[ info ] [ DB ] INIT mysql
[ info ] [ LOG ] INIT File
---------------------------------------------------------------
[ 2023-02-25T23:50:07+08:00 ] 220.197.193.195 GET xjc.demo.hongcd.com/api/video/videoRecommend?page=1&uid=1
[运行时间：0.046198s] [吞吐率：21.65req/s] [内存消耗：3,534.88kb] [文件加载：125]
[ info ] [ BEHAVIOR ] Run Closure @app_init [ RunTime:0.000015s ]
[ info ] [ CACHE ] INIT File
[ info ] [ BEHAVIOR ] Run Closure @app_init [ RunTime:0.000903s ]
[ info ] [ LANG ] /www/wwwroot/xjc.demo.hongcd.com/thinkphp/lang/zh-cn.php
[ info ] [ BEHAVIOR ] Run app\common\behavior\Common @app_dispatch [ RunTime:0.000206s ]
[ info ] [ ROUTE ] array (
  'type' => 'module',
  'module' => 
  array (
    0 => 'api',
    1 => 'video',
    2 => 'videoRecommend',
  ),
)
[ info ] [ HEADER ] array (
  'accept-encoding' => 'gzip, deflate, br',
  'referer' => 'https://servicewechat.com/wx4e210224454a36da/devtools/page-frame.html',
  'sec-fetch-dest' => 'empty',
  'sec-fetch-mode' => 'cors',
  'sec-fetch-site' => 'cross-site',
  'accept' => '*/*',
  'content-type' => 'application/json',
  'user-agent' => 'Mozilla/5.0 (iPhone; CPU iPhone OS 11_0 like Mac OS X) AppleWebKit/604.1.38 (KHTML, like Gecko) Version/11.0 Mobile/15A372 Safari/604.1 wechatdevtools/1.06.2210310 MicroMessenger/8.0.5 Language/zh_CN webview/',
  'connection' => 'keep-alive',
  'host' => 'xjc.demo.hongcd.com',
  'content-length' => '',
)
[ info ] [ PARAM ] array (
  'page' => '1',
  'uid' => '1',
)
[ info ] [ LANG ] /www/wwwroot/xjc.demo.hongcd.com/public/../application/api/lang/zh-cn.php
[ info ] [ BEHAVIOR ] Run app\common\behavior\Common @module_init [ RunTime:0.000839s ]
[ info ] [ RUN ] app\api\controller\Video->videoRecommend[ /www/wwwroot/xjc.demo.hongcd.com/application/api/controller/Video.php ]
[ info ] [ DB ] INIT mysql
[ info ] [ LOG ] INIT File
---------------------------------------------------------------
[ 2023-02-25T23:50:16+08:00 ] 220.197.193.195 GET xjc.demo.hongcd.com/api/video/videoRecommend?page=2&uid=1
[运行时间：0.048647s] [吞吐率：20.56req/s] [内存消耗：3,535.94kb] [文件加载：125]
[ info ] [ BEHAVIOR ] Run Closure @app_init [ RunTime:0.000018s ]
[ info ] [ CACHE ] INIT File
[ info ] [ BEHAVIOR ] Run Closure @app_init [ RunTime:0.000927s ]
[ info ] [ LANG ] /www/wwwroot/xjc.demo.hongcd.com/thinkphp/lang/zh-cn.php
[ info ] [ BEHAVIOR ] Run app\common\behavior\Common @app_dispatch [ RunTime:0.000205s ]
[ info ] [ ROUTE ] array (
  'type' => 'module',
  'module' => 
  array (
    0 => 'api',
    1 => 'video',
    2 => 'videoRecommend',
  ),
)
[ info ] [ HEADER ] array (
  'accept-encoding' => 'gzip, deflate, br',
  'referer' => 'https://servicewechat.com/wx4e210224454a36da/devtools/page-frame.html',
  'sec-fetch-dest' => 'empty',
  'sec-fetch-mode' => 'cors',
  'sec-fetch-site' => 'cross-site',
  'accept' => '*/*',
  'content-type' => 'application/json',
  'user-agent' => 'Mozilla/5.0 (iPhone; CPU iPhone OS 11_0 like Mac OS X) AppleWebKit/604.1.38 (KHTML, like Gecko) Version/11.0 Mobile/15A372 Safari/604.1 wechatdevtools/1.06.2210310 MicroMessenger/8.0.5 Language/zh_CN webview/',
  'connection' => 'keep-alive',
  'host' => 'xjc.demo.hongcd.com',
  'content-length' => '',
)
[ info ] [ PARAM ] array (
  'page' => '2',
  'uid' => '1',
)
[ info ] [ LANG ] /www/wwwroot/xjc.demo.hongcd.com/public/../application/api/lang/zh-cn.php
[ info ] [ BEHAVIOR ] Run app\common\behavior\Common @module_init [ RunTime:0.000873s ]
[ info ] [ RUN ] app\api\controller\Video->videoRecommend[ /www/wwwroot/xjc.demo.hongcd.com/application/api/controller/Video.php ]
[ info ] [ DB ] INIT mysql
[ info ] [ LOG ] INIT File
---------------------------------------------------------------
[ 2023-02-25T23:50:23+08:00 ] 220.197.193.195 GET xjc.demo.hongcd.com/api/video/videoRecommend?page=3&uid=1
[运行时间：0.048416s] [吞吐率：20.65req/s] [内存消耗：3,533.15kb] [文件加载：125]
[ info ] [ BEHAVIOR ] Run Closure @app_init [ RunTime:0.000020s ]
[ info ] [ CACHE ] INIT File
[ info ] [ BEHAVIOR ] Run Closure @app_init [ RunTime:0.001125s ]
[ info ] [ LANG ] /www/wwwroot/xjc.demo.hongcd.com/thinkphp/lang/zh-cn.php
[ info ] [ BEHAVIOR ] Run app\common\behavior\Common @app_dispatch [ RunTime:0.000240s ]
[ info ] [ ROUTE ] array (
  'type' => 'module',
  'module' => 
  array (
    0 => 'api',
    1 => 'video',
    2 => 'videoRecommend',
  ),
)
[ info ] [ HEADER ] array (
  'accept-encoding' => 'gzip, deflate, br',
  'referer' => 'https://servicewechat.com/wx4e210224454a36da/devtools/page-frame.html',
  'sec-fetch-dest' => 'empty',
  'sec-fetch-mode' => 'cors',
  'sec-fetch-site' => 'cross-site',
  'accept' => '*/*',
  'content-type' => 'application/json',
  'user-agent' => 'Mozilla/5.0 (iPhone; CPU iPhone OS 11_0 like Mac OS X) AppleWebKit/604.1.38 (KHTML, like Gecko) Version/11.0 Mobile/15A372 Safari/604.1 wechatdevtools/1.06.2210310 MicroMessenger/8.0.5 Language/zh_CN webview/',
  'connection' => 'keep-alive',
  'host' => 'xjc.demo.hongcd.com',
  'content-length' => '',
)
[ info ] [ PARAM ] array (
  'page' => '3',
  'uid' => '1',
)
[ info ] [ LANG ] /www/wwwroot/xjc.demo.hongcd.com/public/../application/api/lang/zh-cn.php
[ info ] [ BEHAVIOR ] Run app\common\behavior\Common @module_init [ RunTime:0.001089s ]
[ info ] [ RUN ] app\api\controller\Video->videoRecommend[ /www/wwwroot/xjc.demo.hongcd.com/application/api/controller/Video.php ]
[ info ] [ DB ] INIT mysql
[ info ] [ LOG ] INIT File
---------------------------------------------------------------
[ 2023-02-25T23:50:36+08:00 ] 220.197.193.195 GET xjc.demo.hongcd.com/api/video/videoRecommend?page=4&uid=1
[运行时间：0.031326s] [吞吐率：31.92req/s] [内存消耗：3,475.47kb] [文件加载：124]
[ info ] [ BEHAVIOR ] Run Closure @app_init [ RunTime:0.000014s ]
[ info ] [ CACHE ] INIT File
[ info ] [ BEHAVIOR ] Run Closure @app_init [ RunTime:0.000921s ]
[ info ] [ LANG ] /www/wwwroot/xjc.demo.hongcd.com/thinkphp/lang/zh-cn.php
[ info ] [ BEHAVIOR ] Run app\common\behavior\Common @app_dispatch [ RunTime:0.000180s ]
[ info ] [ ROUTE ] array (
  'type' => 'module',
  'module' => 
  array (
    0 => 'api',
    1 => 'video',
    2 => 'videoRecommend',
  ),
)
[ info ] [ HEADER ] array (
  'accept-encoding' => 'gzip, deflate, br',
  'referer' => 'https://servicewechat.com/wx4e210224454a36da/devtools/page-frame.html',
  'sec-fetch-dest' => 'empty',
  'sec-fetch-mode' => 'cors',
  'sec-fetch-site' => 'cross-site',
  'accept' => '*/*',
  'content-type' => 'application/json',
  'user-agent' => 'Mozilla/5.0 (iPhone; CPU iPhone OS 11_0 like Mac OS X) AppleWebKit/604.1.38 (KHTML, like Gecko) Version/11.0 Mobile/15A372 Safari/604.1 wechatdevtools/1.06.2210310 MicroMessenger/8.0.5 Language/zh_CN webview/',
  'connection' => 'keep-alive',
  'host' => 'xjc.demo.hongcd.com',
  'content-length' => '',
)
[ info ] [ PARAM ] array (
  'page' => '4',
  'uid' => '1',
)
[ info ] [ LANG ] /www/wwwroot/xjc.demo.hongcd.com/public/../application/api/lang/zh-cn.php
[ info ] [ BEHAVIOR ] Run app\common\behavior\Common @module_init [ RunTime:0.000829s ]
[ info ] [ RUN ] app\api\controller\Video->videoRecommend[ /www/wwwroot/xjc.demo.hongcd.com/application/api/controller/Video.php ]
[ info ] [ DB ] INIT mysql
[ info ] [ LOG ] INIT File
---------------------------------------------------------------
[ 2023-02-25T23:50:43+08:00 ] 220.197.193.195 GET xjc.demo.hongcd.com/api/video/videoRecommend?page=2&uid=0
[运行时间：0.050458s] [吞吐率：19.82req/s] [内存消耗：3,535.46kb] [文件加载：125]
[ info ] [ BEHAVIOR ] Run Closure @app_init [ RunTime:0.000016s ]
[ info ] [ CACHE ] INIT File
[ info ] [ BEHAVIOR ] Run Closure @app_init [ RunTime:0.000989s ]
[ info ] [ LANG ] /www/wwwroot/xjc.demo.hongcd.com/thinkphp/lang/zh-cn.php
[ info ] [ BEHAVIOR ] Run app\common\behavior\Common @app_dispatch [ RunTime:0.000238s ]
[ info ] [ ROUTE ] array (
  'type' => 'module',
  'module' => 
  array (
    0 => 'api',
    1 => 'video',
    2 => 'videoRecommend',
  ),
)
[ info ] [ HEADER ] array (
  'accept-language' => 'zh-CN,zh;q=0.9',
  'accept-encoding' => 'gzip, deflate, br',
  'referer' => 'https://localhost:9999/h5/',
  'sec-fetch-mode' => 'cors',
  'sec-fetch-site' => 'cross-site',
  'origin' => 'https://localhost:9999',
  'accept' => '*/*',
  'user-agent' => 'Mozilla/5.0 (iPhone; CPU iPhone OS 11_0 like Mac OS X) AppleWebKit/604.1.38 (KHTML, like Gecko) Version/11.0 Mobile/15A372 Safari/604.1',
  'host' => 'xjc.demo.hongcd.com',
  'content-type' => '',
  'content-length' => '',
)
[ info ] [ PARAM ] array (
  'page' => '2',
  'uid' => '0',
)
[ info ] [ LANG ] /www/wwwroot/xjc.demo.hongcd.com/public/../application/api/lang/zh-cn.php
[ info ] [ BEHAVIOR ] Run app\common\behavior\Common @module_init [ RunTime:0.001001s ]
[ info ] [ RUN ] app\api\controller\Video->videoRecommend[ /www/wwwroot/xjc.demo.hongcd.com/application/api/controller/Video.php ]
[ info ] [ DB ] INIT mysql
[ info ] [ LOG ] INIT File
---------------------------------------------------------------
[ 2023-02-25T23:51:53+08:00 ] 220.197.193.195 GET xjc.demo.hongcd.com/api/video/videoRecommend?page=1&uid=1
[运行时间：0.048293s] [吞吐率：20.71req/s] [内存消耗：3,534.88kb] [文件加载：125]
[ info ] [ BEHAVIOR ] Run Closure @app_init [ RunTime:0.000015s ]
[ info ] [ CACHE ] INIT File
[ info ] [ BEHAVIOR ] Run Closure @app_init [ RunTime:0.000975s ]
[ info ] [ LANG ] /www/wwwroot/xjc.demo.hongcd.com/thinkphp/lang/zh-cn.php
[ info ] [ BEHAVIOR ] Run app\common\behavior\Common @app_dispatch [ RunTime:0.000182s ]
[ info ] [ ROUTE ] array (
  'type' => 'module',
  'module' => 
  array (
    0 => 'api',
    1 => 'video',
    2 => 'videoRecommend',
  ),
)
[ info ] [ HEADER ] array (
  'accept-encoding' => 'gzip, deflate, br',
  'referer' => 'https://servicewechat.com/wx4e210224454a36da/devtools/page-frame.html',
  'sec-fetch-dest' => 'empty',
  'sec-fetch-mode' => 'cors',
  'sec-fetch-site' => 'cross-site',
  'accept' => '*/*',
  'content-type' => 'application/json',
  'user-agent' => 'Mozilla/5.0 (iPhone; CPU iPhone OS 11_0 like Mac OS X) AppleWebKit/604.1.38 (KHTML, like Gecko) Version/11.0 Mobile/15A372 Safari/604.1 wechatdevtools/1.06.2210310 MicroMessenger/8.0.5 Language/zh_CN webview/',
  'connection' => 'keep-alive',
  'host' => 'xjc.demo.hongcd.com',
  'content-length' => '',
)
[ info ] [ PARAM ] array (
  'page' => '1',
  'uid' => '1',
)
[ info ] [ LANG ] /www/wwwroot/xjc.demo.hongcd.com/public/../application/api/lang/zh-cn.php
[ info ] [ BEHAVIOR ] Run app\common\behavior\Common @module_init [ RunTime:0.000870s ]
[ info ] [ RUN ] app\api\controller\Video->videoRecommend[ /www/wwwroot/xjc.demo.hongcd.com/application/api/controller/Video.php ]
[ info ] [ DB ] INIT mysql
[ info ] [ LOG ] INIT File
---------------------------------------------------------------
[ 2023-02-25T23:52:02+08:00 ] 220.197.193.195 GET xjc.demo.hongcd.com/api/video/videoRecommend?page=1&uid=1
[运行时间：0.045055s] [吞吐率：22.20req/s] [内存消耗：3,534.88kb] [文件加载：125]
[ info ] [ BEHAVIOR ] Run Closure @app_init [ RunTime:0.000014s ]
[ info ] [ CACHE ] INIT File
[ info ] [ BEHAVIOR ] Run Closure @app_init [ RunTime:0.000894s ]
[ info ] [ LANG ] /www/wwwroot/xjc.demo.hongcd.com/thinkphp/lang/zh-cn.php
[ info ] [ BEHAVIOR ] Run app\common\behavior\Common @app_dispatch [ RunTime:0.000189s ]
[ info ] [ ROUTE ] array (
  'type' => 'module',
  'module' => 
  array (
    0 => 'api',
    1 => 'video',
    2 => 'videoRecommend',
  ),
)
[ info ] [ HEADER ] array (
  'accept-encoding' => 'gzip, deflate, br',
  'referer' => 'https://servicewechat.com/wx4e210224454a36da/devtools/page-frame.html',
  'sec-fetch-dest' => 'empty',
  'sec-fetch-mode' => 'cors',
  'sec-fetch-site' => 'cross-site',
  'accept' => '*/*',
  'content-type' => 'application/json',
  'user-agent' => 'Mozilla/5.0 (iPhone; CPU iPhone OS 11_0 like Mac OS X) AppleWebKit/604.1.38 (KHTML, like Gecko) Version/11.0 Mobile/15A372 Safari/604.1 wechatdevtools/1.06.2210310 MicroMessenger/8.0.5 Language/zh_CN webview/',
  'connection' => 'keep-alive',
  'host' => 'xjc.demo.hongcd.com',
  'content-length' => '',
)
[ info ] [ PARAM ] array (
  'page' => '1',
  'uid' => '1',
)
[ info ] [ LANG ] /www/wwwroot/xjc.demo.hongcd.com/public/../application/api/lang/zh-cn.php
[ info ] [ BEHAVIOR ] Run app\common\behavior\Common @module_init [ RunTime:0.000852s ]
[ info ] [ RUN ] app\api\controller\Video->videoRecommend[ /www/wwwroot/xjc.demo.hongcd.com/application/api/controller/Video.php ]
[ info ] [ DB ] INIT mysql
[ info ] [ LOG ] INIT File
---------------------------------------------------------------
[ 2023-02-25T23:52:07+08:00 ] 220.197.193.195 GET xjc.demo.hongcd.com/api/video/indexdata
[运行时间：0.053625s] [吞吐率：18.65req/s] [内存消耗：3,851.55kb] [文件加载：133]
[ info ] [ BEHAVIOR ] Run Closure @app_init [ RunTime:0.000014s ]
[ info ] [ CACHE ] INIT File
[ info ] [ BEHAVIOR ] Run Closure @app_init [ RunTime:0.000926s ]
[ info ] [ LANG ] /www/wwwroot/xjc.demo.hongcd.com/thinkphp/lang/zh-cn.php
[ info ] [ BEHAVIOR ] Run app\common\behavior\Common @app_dispatch [ RunTime:0.000215s ]
[ info ] [ ROUTE ] array (
  'type' => 'module',
  'module' => 
  array (
    0 => 'api',
    1 => 'video',
    2 => 'indexdata',
  ),
)
[ info ] [ HEADER ] array (
  'accept-encoding' => 'gzip, deflate, br',
  'referer' => 'https://servicewechat.com/wx4e210224454a36da/devtools/page-frame.html',
  'sec-fetch-dest' => 'empty',
  'sec-fetch-mode' => 'cors',
  'sec-fetch-site' => 'cross-site',
  'accept' => '*/*',
  'content-type' => 'application/json',
  'user-agent' => 'Mozilla/5.0 (iPhone; CPU iPhone OS 11_0 like Mac OS X) AppleWebKit/604.1.38 (KHTML, like Gecko) Version/11.0 Mobile/15A372 Safari/604.1 wechatdevtools/1.06.2210310 MicroMessenger/8.0.5 Language/zh_CN webview/',
  'connection' => 'keep-alive',
  'host' => 'xjc.demo.hongcd.com',
  'content-length' => '',
)
[ info ] [ PARAM ] array (
)
[ info ] [ LANG ] /www/wwwroot/xjc.demo.hongcd.com/public/../application/api/lang/zh-cn.php
[ info ] [ BEHAVIOR ] Run app\common\behavior\Common @module_init [ RunTime:0.000877s ]
[ info ] [ RUN ] app\api\controller\Video->indexdata[ /www/wwwroot/xjc.demo.hongcd.com/application/api/controller/Video.php ]
[ info ] [ DB ] INIT mysql
[ info ] [ LOG ] INIT File
---------------------------------------------------------------
[ 2023-02-25T23:52:22+08:00 ] 220.197.193.195 GET xjc.demo.hongcd.com/api/video/videoRecommend?page=3&uid=0
[运行时间：0.046501s] [吞吐率：21.50req/s] [内存消耗：3,532.67kb] [文件加载：125]
[ info ] [ BEHAVIOR ] Run Closure @app_init [ RunTime:0.000015s ]
[ info ] [ CACHE ] INIT File
[ info ] [ BEHAVIOR ] Run Closure @app_init [ RunTime:0.000927s ]
[ info ] [ LANG ] /www/wwwroot/xjc.demo.hongcd.com/thinkphp/lang/zh-cn.php
[ info ] [ BEHAVIOR ] Run app\common\behavior\Common @app_dispatch [ RunTime:0.000177s ]
[ info ] [ ROUTE ] array (
  'type' => 'module',
  'module' => 
  array (
    0 => 'api',
    1 => 'video',
    2 => 'videoRecommend',
  ),
)
[ info ] [ HEADER ] array (
  'accept-language' => 'zh-CN,zh;q=0.9',
  'accept-encoding' => 'gzip, deflate, br',
  'referer' => 'https://localhost:9999/h5/',
  'sec-fetch-mode' => 'cors',
  'sec-fetch-site' => 'cross-site',
  'origin' => 'https://localhost:9999',
  'accept' => '*/*',
  'user-agent' => 'Mozilla/5.0 (iPhone; CPU iPhone OS 11_0 like Mac OS X) AppleWebKit/604.1.38 (KHTML, like Gecko) Version/11.0 Mobile/15A372 Safari/604.1',
  'host' => 'xjc.demo.hongcd.com',
  'content-type' => '',
  'content-length' => '',
)
[ info ] [ PARAM ] array (
  'page' => '3',
  'uid' => '0',
)
[ info ] [ LANG ] /www/wwwroot/xjc.demo.hongcd.com/public/../application/api/lang/zh-cn.php
[ info ] [ BEHAVIOR ] Run app\common\behavior\Common @module_init [ RunTime:0.000885s ]
[ info ] [ RUN ] app\api\controller\Video->videoRecommend[ /www/wwwroot/xjc.demo.hongcd.com/application/api/controller/Video.php ]
[ info ] [ DB ] INIT mysql
[ info ] [ LOG ] INIT File
---------------------------------------------------------------
[ 2023-02-25T23:52:47+08:00 ] 220.197.193.195 GET xjc.demo.hongcd.com/api/video/indexdata
[运行时间：0.052505s] [吞吐率：19.05req/s] [内存消耗：3,851.55kb] [文件加载：133]
[ info ] [ BEHAVIOR ] Run Closure @app_init [ RunTime:0.000014s ]
[ info ] [ CACHE ] INIT File
[ info ] [ BEHAVIOR ] Run Closure @app_init [ RunTime:0.000884s ]
[ info ] [ LANG ] /www/wwwroot/xjc.demo.hongcd.com/thinkphp/lang/zh-cn.php
[ info ] [ BEHAVIOR ] Run app\common\behavior\Common @app_dispatch [ RunTime:0.000190s ]
[ info ] [ ROUTE ] array (
  'type' => 'module',
  'module' => 
  array (
    0 => 'api',
    1 => 'video',
    2 => 'indexdata',
  ),
)
[ info ] [ HEADER ] array (
  'accept-encoding' => 'gzip, deflate, br',
  'referer' => 'https://servicewechat.com/wx4e210224454a36da/devtools/page-frame.html',
  'sec-fetch-dest' => 'empty',
  'sec-fetch-mode' => 'cors',
  'sec-fetch-site' => 'cross-site',
  'accept' => '*/*',
  'content-type' => 'application/json',
  'user-agent' => 'Mozilla/5.0 (iPhone; CPU iPhone OS 11_0 like Mac OS X) AppleWebKit/604.1.38 (KHTML, like Gecko) Version/11.0 Mobile/15A372 Safari/604.1 wechatdevtools/1.06.2210310 MicroMessenger/8.0.5 Language/zh_CN webview/',
  'connection' => 'keep-alive',
  'host' => 'xjc.demo.hongcd.com',
  'content-length' => '',
)
[ info ] [ PARAM ] array (
)
[ info ] [ LANG ] /www/wwwroot/xjc.demo.hongcd.com/public/../application/api/lang/zh-cn.php
[ info ] [ BEHAVIOR ] Run app\common\behavior\Common @module_init [ RunTime:0.000868s ]
[ info ] [ RUN ] app\api\controller\Video->indexdata[ /www/wwwroot/xjc.demo.hongcd.com/application/api/controller/Video.php ]
[ info ] [ DB ] INIT mysql
[ info ] [ LOG ] INIT File
---------------------------------------------------------------
[ 2023-02-25T23:53:08+08:00 ] 220.197.193.195 GET xjc.demo.hongcd.com/api/video/videoRecommend?page=1&uid=1
[运行时间：0.046484s] [吞吐率：21.51req/s] [内存消耗：3,534.88kb] [文件加载：125]
[ info ] [ BEHAVIOR ] Run Closure @app_init [ RunTime:0.000016s ]
[ info ] [ CACHE ] INIT File
[ info ] [ BEHAVIOR ] Run Closure @app_init [ RunTime:0.000895s ]
[ info ] [ LANG ] /www/wwwroot/xjc.demo.hongcd.com/thinkphp/lang/zh-cn.php
[ info ] [ BEHAVIOR ] Run app\common\behavior\Common @app_dispatch [ RunTime:0.000182s ]
[ info ] [ ROUTE ] array (
  'type' => 'module',
  'module' => 
  array (
    0 => 'api',
    1 => 'video',
    2 => 'videoRecommend',
  ),
)
[ info ] [ HEADER ] array (
  'accept-encoding' => 'gzip, deflate, br',
  'referer' => 'https://servicewechat.com/wx4e210224454a36da/devtools/page-frame.html',
  'sec-fetch-dest' => 'empty',
  'sec-fetch-mode' => 'cors',
  'sec-fetch-site' => 'cross-site',
  'accept' => '*/*',
  'content-type' => 'application/json',
  'user-agent' => 'Mozilla/5.0 (iPhone; CPU iPhone OS 11_0 like Mac OS X) AppleWebKit/604.1.38 (KHTML, like Gecko) Version/11.0 Mobile/15A372 Safari/604.1 wechatdevtools/1.06.2210310 MicroMessenger/8.0.5 Language/zh_CN webview/',
  'connection' => 'keep-alive',
  'host' => 'xjc.demo.hongcd.com',
  'content-length' => '',
)
[ info ] [ PARAM ] array (
  'page' => '1',
  'uid' => '1',
)
[ info ] [ LANG ] /www/wwwroot/xjc.demo.hongcd.com/public/../application/api/lang/zh-cn.php
[ info ] [ BEHAVIOR ] Run app\common\behavior\Common @module_init [ RunTime:0.000842s ]
[ info ] [ RUN ] app\api\controller\Video->videoRecommend[ /www/wwwroot/xjc.demo.hongcd.com/application/api/controller/Video.php ]
[ info ] [ DB ] INIT mysql
[ info ] [ LOG ] INIT File
---------------------------------------------------------------
[ 2023-02-25T23:53:17+08:00 ] 220.197.193.195 GET xjc.demo.hongcd.com/api/video/videoRecommend?page=4&uid=0
[运行时间：0.031229s] [吞吐率：32.02req/s] [内存消耗：3,474.99kb] [文件加载：124]
[ info ] [ BEHAVIOR ] Run Closure @app_init [ RunTime:0.000014s ]
[ info ] [ CACHE ] INIT File
[ info ] [ BEHAVIOR ] Run Closure @app_init [ RunTime:0.000873s ]
[ info ] [ LANG ] /www/wwwroot/xjc.demo.hongcd.com/thinkphp/lang/zh-cn.php
[ info ] [ BEHAVIOR ] Run app\common\behavior\Common @app_dispatch [ RunTime:0.000193s ]
[ info ] [ ROUTE ] array (
  'type' => 'module',
  'module' => 
  array (
    0 => 'api',
    1 => 'video',
    2 => 'videoRecommend',
  ),
)
[ info ] [ HEADER ] array (
  'accept-language' => 'zh-CN,zh;q=0.9',
  'accept-encoding' => 'gzip, deflate, br',
  'referer' => 'https://localhost:9999/h5/',
  'sec-fetch-mode' => 'cors',
  'sec-fetch-site' => 'cross-site',
  'origin' => 'https://localhost:9999',
  'accept' => '*/*',
  'user-agent' => 'Mozilla/5.0 (iPhone; CPU iPhone OS 11_0 like Mac OS X) AppleWebKit/604.1.38 (KHTML, like Gecko) Version/11.0 Mobile/15A372 Safari/604.1',
  'host' => 'xjc.demo.hongcd.com',
  'content-type' => '',
  'content-length' => '',
)
[ info ] [ PARAM ] array (
  'page' => '4',
  'uid' => '0',
)
[ info ] [ LANG ] /www/wwwroot/xjc.demo.hongcd.com/public/../application/api/lang/zh-cn.php
[ info ] [ BEHAVIOR ] Run app\common\behavior\Common @module_init [ RunTime:0.000883s ]
[ info ] [ RUN ] app\api\controller\Video->videoRecommend[ /www/wwwroot/xjc.demo.hongcd.com/application/api/controller/Video.php ]
[ info ] [ DB ] INIT mysql
[ info ] [ LOG ] INIT File
---------------------------------------------------------------
[ 2023-02-25T23:53:37+08:00 ] 220.197.193.195 GET xjc.demo.hongcd.com/api/video/videoRecommend?page=2&uid=1
[运行时间：0.047133s] [吞吐率：21.22req/s] [内存消耗：3,535.94kb] [文件加载：125]
[ info ] [ BEHAVIOR ] Run Closure @app_init [ RunTime:0.000015s ]
[ info ] [ CACHE ] INIT File
[ info ] [ BEHAVIOR ] Run Closure @app_init [ RunTime:0.000968s ]
[ info ] [ LANG ] /www/wwwroot/xjc.demo.hongcd.com/thinkphp/lang/zh-cn.php
[ info ] [ BEHAVIOR ] Run app\common\behavior\Common @app_dispatch [ RunTime:0.000199s ]
[ info ] [ ROUTE ] array (
  'type' => 'module',
  'module' => 
  array (
    0 => 'api',
    1 => 'video',
    2 => 'videoRecommend',
  ),
)
[ info ] [ HEADER ] array (
  'accept-encoding' => 'gzip, deflate, br',
  'referer' => 'https://servicewechat.com/wx4e210224454a36da/devtools/page-frame.html',
  'sec-fetch-dest' => 'empty',
  'sec-fetch-mode' => 'cors',
  'sec-fetch-site' => 'cross-site',
  'accept' => '*/*',
  'content-type' => 'application/json',
  'user-agent' => 'Mozilla/5.0 (iPhone; CPU iPhone OS 11_0 like Mac OS X) AppleWebKit/604.1.38 (KHTML, like Gecko) Version/11.0 Mobile/15A372 Safari/604.1 wechatdevtools/1.06.2210310 MicroMessenger/8.0.5 Language/zh_CN webview/',
  'connection' => 'keep-alive',
  'host' => 'xjc.demo.hongcd.com',
  'content-length' => '',
)
[ info ] [ PARAM ] array (
  'page' => '2',
  'uid' => '1',
)
[ info ] [ LANG ] /www/wwwroot/xjc.demo.hongcd.com/public/../application/api/lang/zh-cn.php
[ info ] [ BEHAVIOR ] Run app\common\behavior\Common @module_init [ RunTime:0.000923s ]
[ info ] [ RUN ] app\api\controller\Video->videoRecommend[ /www/wwwroot/xjc.demo.hongcd.com/application/api/controller/Video.php ]
[ info ] [ DB ] INIT mysql
[ info ] [ LOG ] INIT File
---------------------------------------------------------------
[ 2023-02-25T23:53:47+08:00 ] 220.197.193.195 GET xjc.demo.hongcd.com/api/video/videoRecommend?page=1&uid=1
[运行时间：0.045648s] [吞吐率：21.91req/s] [内存消耗：3,534.88kb] [文件加载：125]
[ info ] [ BEHAVIOR ] Run Closure @app_init [ RunTime:0.000015s ]
[ info ] [ CACHE ] INIT File
[ info ] [ BEHAVIOR ] Run Closure @app_init [ RunTime:0.000934s ]
[ info ] [ LANG ] /www/wwwroot/xjc.demo.hongcd.com/thinkphp/lang/zh-cn.php
[ info ] [ BEHAVIOR ] Run app\common\behavior\Common @app_dispatch [ RunTime:0.000188s ]
[ info ] [ ROUTE ] array (
  'type' => 'module',
  'module' => 
  array (
    0 => 'api',
    1 => 'video',
    2 => 'videoRecommend',
  ),
)
[ info ] [ HEADER ] array (
  'accept-encoding' => 'gzip, deflate, br',
  'referer' => 'https://servicewechat.com/wx4e210224454a36da/devtools/page-frame.html',
  'sec-fetch-dest' => 'empty',
  'sec-fetch-mode' => 'cors',
  'sec-fetch-site' => 'cross-site',
  'accept' => '*/*',
  'content-type' => 'application/json',
  'user-agent' => 'Mozilla/5.0 (iPhone; CPU iPhone OS 11_0 like Mac OS X) AppleWebKit/604.1.38 (KHTML, like Gecko) Version/11.0 Mobile/15A372 Safari/604.1 wechatdevtools/1.06.2210310 MicroMessenger/8.0.5 Language/zh_CN webview/',
  'connection' => 'keep-alive',
  'host' => 'xjc.demo.hongcd.com',
  'content-length' => '',
)
[ info ] [ PARAM ] array (
  'page' => '1',
  'uid' => '1',
)
[ info ] [ LANG ] /www/wwwroot/xjc.demo.hongcd.com/public/../application/api/lang/zh-cn.php
[ info ] [ BEHAVIOR ] Run app\common\behavior\Common @module_init [ RunTime:0.000848s ]
[ info ] [ RUN ] app\api\controller\Video->videoRecommend[ /www/wwwroot/xjc.demo.hongcd.com/application/api/controller/Video.php ]
[ info ] [ DB ] INIT mysql
[ info ] [ LOG ] INIT File
---------------------------------------------------------------
[ 2023-02-25T23:54:00+08:00 ] 220.197.193.195 GET xjc.demo.hongcd.com/api/video/videoRecommend?page=1&uid=1
[运行时间：0.050225s] [吞吐率：19.91req/s] [内存消耗：3,534.88kb] [文件加载：125]
[ info ] [ BEHAVIOR ] Run Closure @app_init [ RunTime:0.000019s ]
[ info ] [ CACHE ] INIT File
[ info ] [ BEHAVIOR ] Run Closure @app_init [ RunTime:0.001008s ]
[ info ] [ LANG ] /www/wwwroot/xjc.demo.hongcd.com/thinkphp/lang/zh-cn.php
[ info ] [ BEHAVIOR ] Run app\common\behavior\Common @app_dispatch [ RunTime:0.000210s ]
[ info ] [ ROUTE ] array (
  'type' => 'module',
  'module' => 
  array (
    0 => 'api',
    1 => 'video',
    2 => 'videoRecommend',
  ),
)
[ info ] [ HEADER ] array (
  'accept-encoding' => 'gzip, deflate, br',
  'referer' => 'https://servicewechat.com/wx4e210224454a36da/devtools/page-frame.html',
  'sec-fetch-dest' => 'empty',
  'sec-fetch-mode' => 'cors',
  'sec-fetch-site' => 'cross-site',
  'accept' => '*/*',
  'content-type' => 'application/json',
  'user-agent' => 'Mozilla/5.0 (iPhone; CPU iPhone OS 11_0 like Mac OS X) AppleWebKit/604.1.38 (KHTML, like Gecko) Version/11.0 Mobile/15A372 Safari/604.1 wechatdevtools/1.06.2210310 MicroMessenger/8.0.5 Language/zh_CN webview/',
  'connection' => 'keep-alive',
  'host' => 'xjc.demo.hongcd.com',
  'content-length' => '',
)
[ info ] [ PARAM ] array (
  'page' => '1',
  'uid' => '1',
)
[ info ] [ LANG ] /www/wwwroot/xjc.demo.hongcd.com/public/../application/api/lang/zh-cn.php
[ info ] [ BEHAVIOR ] Run app\common\behavior\Common @module_init [ RunTime:0.001013s ]
[ info ] [ RUN ] app\api\controller\Video->videoRecommend[ /www/wwwroot/xjc.demo.hongcd.com/application/api/controller/Video.php ]
[ info ] [ DB ] INIT mysql
[ info ] [ LOG ] INIT File
---------------------------------------------------------------
[ 2023-02-25T23:54:00+08:00 ] 220.197.193.195 GET xjc.demo.hongcd.com/api/video/videoRecommend?page=1&uid=0
[运行时间：0.053748s] [吞吐率：18.61req/s] [内存消耗：3,534.40kb] [文件加载：125]
[ info ] [ BEHAVIOR ] Run Closure @app_init [ RunTime:0.000014s ]
[ info ] [ CACHE ] INIT File
[ info ] [ BEHAVIOR ] Run Closure @app_init [ RunTime:0.000936s ]
[ info ] [ LANG ] /www/wwwroot/xjc.demo.hongcd.com/thinkphp/lang/zh-cn.php
[ info ] [ BEHAVIOR ] Run app\common\behavior\Common @app_dispatch [ RunTime:0.000199s ]
[ info ] [ ROUTE ] array (
  'type' => 'module',
  'module' => 
  array (
    0 => 'api',
    1 => 'video',
    2 => 'videoRecommend',
  ),
)
[ info ] [ HEADER ] array (
  'accept-language' => 'zh-CN,zh;q=0.9',
  'accept-encoding' => 'gzip, deflate, br',
  'referer' => 'https://localhost:9999/h5/',
  'sec-fetch-mode' => 'cors',
  'sec-fetch-site' => 'cross-site',
  'origin' => 'https://localhost:9999',
  'accept' => '*/*',
  'user-agent' => 'Mozilla/5.0 (iPhone; CPU iPhone OS 11_0 like Mac OS X) AppleWebKit/604.1.38 (KHTML, like Gecko) Version/11.0 Mobile/15A372 Safari/604.1',
  'host' => 'xjc.demo.hongcd.com',
  'content-type' => '',
  'content-length' => '',
)
[ info ] [ PARAM ] array (
  'page' => '1',
  'uid' => '0',
)
[ info ] [ LANG ] /www/wwwroot/xjc.demo.hongcd.com/public/../application/api/lang/zh-cn.php
[ info ] [ BEHAVIOR ] Run app\common\behavior\Common @module_init [ RunTime:0.000887s ]
[ info ] [ RUN ] app\api\controller\Video->videoRecommend[ /www/wwwroot/xjc.demo.hongcd.com/application/api/controller/Video.php ]
[ info ] [ DB ] INIT mysql
[ info ] [ LOG ] INIT File
---------------------------------------------------------------
[ 2023-02-25T23:54:00+08:00 ] 220.197.193.195 GET xjc.demo.hongcd.com/api/video/videoRecommend?page=1&uid=0
[运行时间：0.046722s] [吞吐率：21.40req/s] [内存消耗：3,534.40kb] [文件加载：125]
[ info ] [ BEHAVIOR ] Run Closure @app_init [ RunTime:0.000014s ]
[ info ] [ CACHE ] INIT File
[ info ] [ BEHAVIOR ] Run Closure @app_init [ RunTime:0.000935s ]
[ info ] [ LANG ] /www/wwwroot/xjc.demo.hongcd.com/thinkphp/lang/zh-cn.php
[ info ] [ BEHAVIOR ] Run app\common\behavior\Common @app_dispatch [ RunTime:0.000187s ]
[ info ] [ ROUTE ] array (
  'type' => 'module',
  'module' => 
  array (
    0 => 'api',
    1 => 'video',
    2 => 'videoRecommend',
  ),
)
[ info ] [ HEADER ] array (
  'accept-language' => 'zh-CN,zh;q=0.9',
  'accept-encoding' => 'gzip, deflate, br',
  'referer' => 'https://localhost:9999/h5/',
  'sec-fetch-mode' => 'cors',
  'sec-fetch-site' => 'cross-site',
  'origin' => 'https://localhost:9999',
  'accept' => '*/*',
  'user-agent' => 'Mozilla/5.0 (iPhone; CPU iPhone OS 11_0 like Mac OS X) AppleWebKit/604.1.38 (KHTML, like Gecko) Version/11.0 Mobile/15A372 Safari/604.1',
  'host' => 'xjc.demo.hongcd.com',
  'content-type' => '',
  'content-length' => '',
)
[ info ] [ PARAM ] array (
  'page' => '1',
  'uid' => '0',
)
[ info ] [ LANG ] /www/wwwroot/xjc.demo.hongcd.com/public/../application/api/lang/zh-cn.php
[ info ] [ BEHAVIOR ] Run app\common\behavior\Common @module_init [ RunTime:0.000909s ]
[ info ] [ RUN ] app\api\controller\Video->videoRecommend[ /www/wwwroot/xjc.demo.hongcd.com/application/api/controller/Video.php ]
[ info ] [ DB ] INIT mysql
[ info ] [ LOG ] INIT File
---------------------------------------------------------------
[ 2023-02-25T23:54:01+08:00 ] 220.197.193.195 GET xjc.demo.hongcd.com/api/video/videoRecommend?page=1&uid=0
[运行时间：0.046791s] [吞吐率：21.37req/s] [内存消耗：3,534.40kb] [文件加载：125]
[ info ] [ BEHAVIOR ] Run Closure @app_init [ RunTime:0.000014s ]
[ info ] [ CACHE ] INIT File
[ info ] [ BEHAVIOR ] Run Closure @app_init [ RunTime:0.000890s ]
[ info ] [ LANG ] /www/wwwroot/xjc.demo.hongcd.com/thinkphp/lang/zh-cn.php
[ info ] [ BEHAVIOR ] Run app\common\behavior\Common @app_dispatch [ RunTime:0.000189s ]
[ info ] [ ROUTE ] array (
  'type' => 'module',
  'module' => 
  array (
    0 => 'api',
    1 => 'video',
    2 => 'videoRecommend',
  ),
)
[ info ] [ HEADER ] array (
  'accept-language' => 'zh-CN,zh;q=0.9',
  'accept-encoding' => 'gzip, deflate, br',
  'referer' => 'https://localhost:9999/h5/',
  'sec-fetch-mode' => 'cors',
  'sec-fetch-site' => 'cross-site',
  'origin' => 'https://localhost:9999',
  'accept' => '*/*',
  'user-agent' => 'Mozilla/5.0 (iPhone; CPU iPhone OS 11_0 like Mac OS X) AppleWebKit/604.1.38 (KHTML, like Gecko) Version/11.0 Mobile/15A372 Safari/604.1',
  'host' => 'xjc.demo.hongcd.com',
  'content-type' => '',
  'content-length' => '',
)
[ info ] [ PARAM ] array (
  'page' => '1',
  'uid' => '0',
)
[ info ] [ LANG ] /www/wwwroot/xjc.demo.hongcd.com/public/../application/api/lang/zh-cn.php
[ info ] [ BEHAVIOR ] Run app\common\behavior\Common @module_init [ RunTime:0.000883s ]
[ info ] [ RUN ] app\api\controller\Video->videoRecommend[ /www/wwwroot/xjc.demo.hongcd.com/application/api/controller/Video.php ]
[ info ] [ DB ] INIT mysql
[ info ] [ LOG ] INIT File
---------------------------------------------------------------
[ 2023-02-25T23:54:04+08:00 ] 220.197.193.195 GET xjc.demo.hongcd.com/api/video/indexdata
[运行时间：0.057686s] [吞吐率：17.34req/s] [内存消耗：3,851.55kb] [文件加载：133]
[ info ] [ BEHAVIOR ] Run Closure @app_init [ RunTime:0.000016s ]
[ info ] [ CACHE ] INIT File
[ info ] [ BEHAVIOR ] Run Closure @app_init [ RunTime:0.000973s ]
[ info ] [ LANG ] /www/wwwroot/xjc.demo.hongcd.com/thinkphp/lang/zh-cn.php
[ info ] [ BEHAVIOR ] Run app\common\behavior\Common @app_dispatch [ RunTime:0.000211s ]
[ info ] [ ROUTE ] array (
  'type' => 'module',
  'module' => 
  array (
    0 => 'api',
    1 => 'video',
    2 => 'indexdata',
  ),
)
[ info ] [ HEADER ] array (
  'accept-encoding' => 'gzip, deflate, br',
  'referer' => 'https://servicewechat.com/wx4e210224454a36da/devtools/page-frame.html',
  'sec-fetch-dest' => 'empty',
  'sec-fetch-mode' => 'cors',
  'sec-fetch-site' => 'cross-site',
  'accept' => '*/*',
  'content-type' => 'application/json',
  'user-agent' => 'Mozilla/5.0 (iPhone; CPU iPhone OS 11_0 like Mac OS X) AppleWebKit/604.1.38 (KHTML, like Gecko) Version/11.0 Mobile/15A372 Safari/604.1 wechatdevtools/1.06.2210310 MicroMessenger/8.0.5 Language/zh_CN webview/',
  'connection' => 'keep-alive',
  'host' => 'xjc.demo.hongcd.com',
  'content-length' => '',
)
[ info ] [ PARAM ] array (
)
[ info ] [ LANG ] /www/wwwroot/xjc.demo.hongcd.com/public/../application/api/lang/zh-cn.php
[ info ] [ BEHAVIOR ] Run app\common\behavior\Common @module_init [ RunTime:0.001015s ]
[ info ] [ RUN ] app\api\controller\Video->indexdata[ /www/wwwroot/xjc.demo.hongcd.com/application/api/controller/Video.php ]
[ info ] [ DB ] INIT mysql
[ info ] [ LOG ] INIT File
---------------------------------------------------------------
[ 2023-02-25T23:54:06+08:00 ] 220.197.193.195 GET xjc.demo.hongcd.com/api/video/videoRecommend?page=1&uid=1
[运行时间：0.046708s] [吞吐率：21.41req/s] [内存消耗：3,534.88kb] [文件加载：125]
[ info ] [ BEHAVIOR ] Run Closure @app_init [ RunTime:0.000016s ]
[ info ] [ CACHE ] INIT File
[ info ] [ BEHAVIOR ] Run Closure @app_init [ RunTime:0.000907s ]
[ info ] [ LANG ] /www/wwwroot/xjc.demo.hongcd.com/thinkphp/lang/zh-cn.php
[ info ] [ BEHAVIOR ] Run app\common\behavior\Common @app_dispatch [ RunTime:0.000183s ]
[ info ] [ ROUTE ] array (
  'type' => 'module',
  'module' => 
  array (
    0 => 'api',
    1 => 'video',
    2 => 'videoRecommend',
  ),
)
[ info ] [ HEADER ] array (
  'accept-encoding' => 'gzip, deflate, br',
  'referer' => 'https://servicewechat.com/wx4e210224454a36da/devtools/page-frame.html',
  'sec-fetch-dest' => 'empty',
  'sec-fetch-mode' => 'cors',
  'sec-fetch-site' => 'cross-site',
  'accept' => '*/*',
  'content-type' => 'application/json',
  'user-agent' => 'Mozilla/5.0 (iPhone; CPU iPhone OS 11_0 like Mac OS X) AppleWebKit/604.1.38 (KHTML, like Gecko) Version/11.0 Mobile/15A372 Safari/604.1 wechatdevtools/1.06.2210310 MicroMessenger/8.0.5 Language/zh_CN webview/',
  'connection' => 'keep-alive',
  'host' => 'xjc.demo.hongcd.com',
  'content-length' => '',
)
[ info ] [ PARAM ] array (
  'page' => '1',
  'uid' => '1',
)
[ info ] [ LANG ] /www/wwwroot/xjc.demo.hongcd.com/public/../application/api/lang/zh-cn.php
[ info ] [ BEHAVIOR ] Run app\common\behavior\Common @module_init [ RunTime:0.000873s ]
[ info ] [ RUN ] app\api\controller\Video->videoRecommend[ /www/wwwroot/xjc.demo.hongcd.com/application/api/controller/Video.php ]
[ info ] [ DB ] INIT mysql
[ info ] [ LOG ] INIT File
---------------------------------------------------------------
[ 2023-02-25T23:54:13+08:00 ] 220.197.193.195 GET xjc.demo.hongcd.com/api/video/videoRecommend?page=2&uid=1
[运行时间：0.050150s] [吞吐率：19.94req/s] [内存消耗：3,535.94kb] [文件加载：125]
[ info ] [ BEHAVIOR ] Run Closure @app_init [ RunTime:0.000013s ]
[ info ] [ CACHE ] INIT File
[ info ] [ BEHAVIOR ] Run Closure @app_init [ RunTime:0.000970s ]
[ info ] [ LANG ] /www/wwwroot/xjc.demo.hongcd.com/thinkphp/lang/zh-cn.php
[ info ] [ BEHAVIOR ] Run app\common\behavior\Common @app_dispatch [ RunTime:0.000201s ]
[ info ] [ ROUTE ] array (
  'type' => 'module',
  'module' => 
  array (
    0 => 'api',
    1 => 'video',
    2 => 'videoRecommend',
  ),
)
[ info ] [ HEADER ] array (
  'accept-encoding' => 'gzip, deflate, br',
  'referer' => 'https://servicewechat.com/wx4e210224454a36da/devtools/page-frame.html',
  'sec-fetch-dest' => 'empty',
  'sec-fetch-mode' => 'cors',
  'sec-fetch-site' => 'cross-site',
  'accept' => '*/*',
  'content-type' => 'application/json',
  'user-agent' => 'Mozilla/5.0 (iPhone; CPU iPhone OS 11_0 like Mac OS X) AppleWebKit/604.1.38 (KHTML, like Gecko) Version/11.0 Mobile/15A372 Safari/604.1 wechatdevtools/1.06.2210310 MicroMessenger/8.0.5 Language/zh_CN webview/',
  'connection' => 'keep-alive',
  'host' => 'xjc.demo.hongcd.com',
  'content-length' => '',
)
[ info ] [ PARAM ] array (
  'page' => '2',
  'uid' => '1',
)
[ info ] [ LANG ] /www/wwwroot/xjc.demo.hongcd.com/public/../application/api/lang/zh-cn.php
[ info ] [ BEHAVIOR ] Run app\common\behavior\Common @module_init [ RunTime:0.000964s ]
[ info ] [ RUN ] app\api\controller\Video->videoRecommend[ /www/wwwroot/xjc.demo.hongcd.com/application/api/controller/Video.php ]
[ info ] [ DB ] INIT mysql
[ info ] [ LOG ] INIT File
---------------------------------------------------------------
[ 2023-02-25T23:54:34+08:00 ] 220.197.193.195 GET xjc.demo.hongcd.com/api/video/videoRecommend?page=3&uid=1
[运行时间：0.045790s] [吞吐率：21.84req/s] [内存消耗：3,533.15kb] [文件加载：125]
[ info ] [ BEHAVIOR ] Run Closure @app_init [ RunTime:0.000013s ]
[ info ] [ CACHE ] INIT File
[ info ] [ BEHAVIOR ] Run Closure @app_init [ RunTime:0.000892s ]
[ info ] [ LANG ] /www/wwwroot/xjc.demo.hongcd.com/thinkphp/lang/zh-cn.php
[ info ] [ BEHAVIOR ] Run app\common\behavior\Common @app_dispatch [ RunTime:0.000185s ]
[ info ] [ ROUTE ] array (
  'type' => 'module',
  'module' => 
  array (
    0 => 'api',
    1 => 'video',
    2 => 'videoRecommend',
  ),
)
[ info ] [ HEADER ] array (
  'accept-encoding' => 'gzip, deflate, br',
  'referer' => 'https://servicewechat.com/wx4e210224454a36da/devtools/page-frame.html',
  'sec-fetch-dest' => 'empty',
  'sec-fetch-mode' => 'cors',
  'sec-fetch-site' => 'cross-site',
  'accept' => '*/*',
  'content-type' => 'application/json',
  'user-agent' => 'Mozilla/5.0 (iPhone; CPU iPhone OS 11_0 like Mac OS X) AppleWebKit/604.1.38 (KHTML, like Gecko) Version/11.0 Mobile/15A372 Safari/604.1 wechatdevtools/1.06.2210310 MicroMessenger/8.0.5 Language/zh_CN webview/',
  'connection' => 'keep-alive',
  'host' => 'xjc.demo.hongcd.com',
  'content-length' => '',
)
[ info ] [ PARAM ] array (
  'page' => '3',
  'uid' => '1',
)
[ info ] [ LANG ] /www/wwwroot/xjc.demo.hongcd.com/public/../application/api/lang/zh-cn.php
[ info ] [ BEHAVIOR ] Run app\common\behavior\Common @module_init [ RunTime:0.000874s ]
[ info ] [ RUN ] app\api\controller\Video->videoRecommend[ /www/wwwroot/xjc.demo.hongcd.com/application/api/controller/Video.php ]
[ info ] [ DB ] INIT mysql
[ info ] [ LOG ] INIT File
---------------------------------------------------------------
[ 2023-02-25T23:54:44+08:00 ] 220.197.193.195 GET xjc.demo.hongcd.com/api/video/videoRecommend?page=2&uid=0
[运行时间：0.046448s] [吞吐率：21.53req/s] [内存消耗：3,535.46kb] [文件加载：125]
[ info ] [ BEHAVIOR ] Run Closure @app_init [ RunTime:0.000014s ]
[ info ] [ CACHE ] INIT File
[ info ] [ BEHAVIOR ] Run Closure @app_init [ RunTime:0.000925s ]
[ info ] [ LANG ] /www/wwwroot/xjc.demo.hongcd.com/thinkphp/lang/zh-cn.php
[ info ] [ BEHAVIOR ] Run app\common\behavior\Common @app_dispatch [ RunTime:0.000194s ]
[ info ] [ ROUTE ] array (
  'type' => 'module',
  'module' => 
  array (
    0 => 'api',
    1 => 'video',
    2 => 'videoRecommend',
  ),
)
[ info ] [ HEADER ] array (
  'accept-language' => 'zh-CN,zh;q=0.9',
  'accept-encoding' => 'gzip, deflate, br',
  'referer' => 'https://localhost:9999/h5/',
  'sec-fetch-mode' => 'cors',
  'sec-fetch-site' => 'cross-site',
  'origin' => 'https://localhost:9999',
  'accept' => '*/*',
  'user-agent' => 'Mozilla/5.0 (iPhone; CPU iPhone OS 11_0 like Mac OS X) AppleWebKit/604.1.38 (KHTML, like Gecko) Version/11.0 Mobile/15A372 Safari/604.1',
  'host' => 'xjc.demo.hongcd.com',
  'content-type' => '',
  'content-length' => '',
)
[ info ] [ PARAM ] array (
  'page' => '2',
  'uid' => '0',
)
[ info ] [ LANG ] /www/wwwroot/xjc.demo.hongcd.com/public/../application/api/lang/zh-cn.php
[ info ] [ BEHAVIOR ] Run app\common\behavior\Common @module_init [ RunTime:0.000906s ]
[ info ] [ RUN ] app\api\controller\Video->videoRecommend[ /www/wwwroot/xjc.demo.hongcd.com/application/api/controller/Video.php ]
[ info ] [ DB ] INIT mysql
[ info ] [ LOG ] INIT File
---------------------------------------------------------------
[ 2023-02-25T23:54:51+08:00 ] 220.197.193.195 GET xjc.demo.hongcd.com/api/video/videoRecommend?page=4&uid=1
[运行时间：0.034766s] [吞吐率：28.76req/s] [内存消耗：3,475.47kb] [文件加载：124]
[ info ] [ BEHAVIOR ] Run Closure @app_init [ RunTime:0.000015s ]
[ info ] [ CACHE ] INIT File
[ info ] [ BEHAVIOR ] Run Closure @app_init [ RunTime:0.000983s ]
[ info ] [ LANG ] /www/wwwroot/xjc.demo.hongcd.com/thinkphp/lang/zh-cn.php
[ info ] [ BEHAVIOR ] Run app\common\behavior\Common @app_dispatch [ RunTime:0.000211s ]
[ info ] [ ROUTE ] array (
  'type' => 'module',
  'module' => 
  array (
    0 => 'api',
    1 => 'video',
    2 => 'videoRecommend',
  ),
)
[ info ] [ HEADER ] array (
  'accept-encoding' => 'gzip, deflate, br',
  'referer' => 'https://servicewechat.com/wx4e210224454a36da/devtools/page-frame.html',
  'sec-fetch-dest' => 'empty',
  'sec-fetch-mode' => 'cors',
  'sec-fetch-site' => 'cross-site',
  'accept' => '*/*',
  'content-type' => 'application/json',
  'user-agent' => 'Mozilla/5.0 (iPhone; CPU iPhone OS 11_0 like Mac OS X) AppleWebKit/604.1.38 (KHTML, like Gecko) Version/11.0 Mobile/15A372 Safari/604.1 wechatdevtools/1.06.2210310 MicroMessenger/8.0.5 Language/zh_CN webview/',
  'connection' => 'keep-alive',
  'host' => 'xjc.demo.hongcd.com',
  'content-length' => '',
)
[ info ] [ PARAM ] array (
  'page' => '4',
  'uid' => '1',
)
[ info ] [ LANG ] /www/wwwroot/xjc.demo.hongcd.com/public/../application/api/lang/zh-cn.php
[ info ] [ BEHAVIOR ] Run app\common\behavior\Common @module_init [ RunTime:0.000985s ]
[ info ] [ RUN ] app\api\controller\Video->videoRecommend[ /www/wwwroot/xjc.demo.hongcd.com/application/api/controller/Video.php ]
[ info ] [ DB ] INIT mysql
[ info ] [ LOG ] INIT File
---------------------------------------------------------------
[ 2023-02-25T23:55:05+08:00 ] 220.197.193.195 GET xjc.demo.hongcd.com/api/video/indexdata
[运行时间：0.054158s] [吞吐率：18.46req/s] [内存消耗：3,850.71kb] [文件加载：133]
[ info ] [ BEHAVIOR ] Run Closure @app_init [ RunTime:0.000015s ]
[ info ] [ CACHE ] INIT File
[ info ] [ BEHAVIOR ] Run Closure @app_init [ RunTime:0.000913s ]
[ info ] [ LANG ] /www/wwwroot/xjc.demo.hongcd.com/thinkphp/lang/zh-cn.php
[ info ] [ BEHAVIOR ] Run app\common\behavior\Common @app_dispatch [ RunTime:0.000214s ]
[ info ] [ ROUTE ] array (
  'type' => 'module',
  'module' => 
  array (
    0 => 'api',
    1 => 'video',
    2 => 'indexdata',
  ),
)
[ info ] [ HEADER ] array (
  'referer' => 'https://servicewechat.com/wx4e210224454a36da/0/page-frame.html',
  'user-agent' => 'Mozilla/5.0 (iPhone; CPU iPhone OS 15_6_1 like Mac OS X) AppleWebKit/605.1.15 (KHTML, like Gecko) Mobile/15E148 MicroMessenger/8.0.32(0x18002035) NetType/WIFI Language/zh_CN',
  'accept-encoding' => 'gzip,compress,br,deflate',
  'content-type' => 'application/json',
  'connection' => 'keep-alive',
  'host' => 'xjc.demo.hongcd.com',
  'content-length' => '',
)
[ info ] [ PARAM ] array (
)
[ info ] [ LANG ] /www/wwwroot/xjc.demo.hongcd.com/public/../application/api/lang/zh-cn.php
[ info ] [ BEHAVIOR ] Run app\common\behavior\Common @module_init [ RunTime:0.000879s ]
[ info ] [ RUN ] app\api\controller\Video->indexdata[ /www/wwwroot/xjc.demo.hongcd.com/application/api/controller/Video.php ]
[ info ] [ DB ] INIT mysql
[ info ] [ LOG ] INIT File
---------------------------------------------------------------
[ 2023-02-25T23:55:07+08:00 ] 220.197.193.195 GET xjc.demo.hongcd.com/api/video/videoRecommend?page=1&uid=1
[运行时间：0.049988s] [吞吐率：20.00req/s] [内存消耗：3,533.79kb] [文件加载：125]
[ info ] [ BEHAVIOR ] Run Closure @app_init [ RunTime:0.000016s ]
[ info ] [ CACHE ] INIT File
[ info ] [ BEHAVIOR ] Run Closure @app_init [ RunTime:0.001008s ]
[ info ] [ LANG ] /www/wwwroot/xjc.demo.hongcd.com/thinkphp/lang/zh-cn.php
[ info ] [ BEHAVIOR ] Run app\common\behavior\Common @app_dispatch [ RunTime:0.000230s ]
[ info ] [ ROUTE ] array (
  'type' => 'module',
  'module' => 
  array (
    0 => 'api',
    1 => 'video',
    2 => 'videoRecommend',
  ),
)
[ info ] [ HEADER ] array (
  'referer' => 'https://servicewechat.com/wx4e210224454a36da/0/page-frame.html',
  'user-agent' => 'Mozilla/5.0 (iPhone; CPU iPhone OS 15_6_1 like Mac OS X) AppleWebKit/605.1.15 (KHTML, like Gecko) Mobile/15E148 MicroMessenger/8.0.32(0x18002035) NetType/WIFI Language/zh_CN',
  'accept-encoding' => 'gzip,compress,br,deflate',
  'content-type' => 'application/json',
  'connection' => 'keep-alive',
  'host' => 'xjc.demo.hongcd.com',
  'content-length' => '',
)
[ info ] [ PARAM ] array (
  'page' => '1',
  'uid' => '1',
)
[ info ] [ LANG ] /www/wwwroot/xjc.demo.hongcd.com/public/../application/api/lang/zh-cn.php
[ info ] [ BEHAVIOR ] Run app\common\behavior\Common @module_init [ RunTime:0.000985s ]
[ info ] [ RUN ] app\api\controller\Video->videoRecommend[ /www/wwwroot/xjc.demo.hongcd.com/application/api/controller/Video.php ]
[ info ] [ DB ] INIT mysql
[ info ] [ LOG ] INIT File
---------------------------------------------------------------
[ 2023-02-25T23:55:41+08:00 ] 220.197.193.195 GET xjc.demo.hongcd.com/api/video/videoRecommend?page=2&uid=1
[运行时间：0.050974s] [吞吐率：19.62req/s] [内存消耗：3,534.85kb] [文件加载：125]
[ info ] [ BEHAVIOR ] Run Closure @app_init [ RunTime:0.000016s ]
[ info ] [ CACHE ] INIT File
[ info ] [ BEHAVIOR ] Run Closure @app_init [ RunTime:0.001002s ]
[ info ] [ LANG ] /www/wwwroot/xjc.demo.hongcd.com/thinkphp/lang/zh-cn.php
[ info ] [ BEHAVIOR ] Run app\common\behavior\Common @app_dispatch [ RunTime:0.000240s ]
[ info ] [ ROUTE ] array (
  'type' => 'module',
  'module' => 
  array (
    0 => 'api',
    1 => 'video',
    2 => 'videoRecommend',
  ),
)
[ info ] [ HEADER ] array (
  'referer' => 'https://servicewechat.com/wx4e210224454a36da/0/page-frame.html',
  'user-agent' => 'Mozilla/5.0 (iPhone; CPU iPhone OS 15_6_1 like Mac OS X) AppleWebKit/605.1.15 (KHTML, like Gecko) Mobile/15E148 MicroMessenger/8.0.32(0x18002035) NetType/WIFI Language/zh_CN',
  'accept-encoding' => 'gzip,compress,br,deflate',
  'content-type' => 'application/json',
  'connection' => 'keep-alive',
  'host' => 'xjc.demo.hongcd.com',
  'content-length' => '',
)
[ info ] [ PARAM ] array (
  'page' => '2',
  'uid' => '1',
)
[ info ] [ LANG ] /www/wwwroot/xjc.demo.hongcd.com/public/../application/api/lang/zh-cn.php
[ info ] [ BEHAVIOR ] Run app\common\behavior\Common @module_init [ RunTime:0.001077s ]
[ info ] [ RUN ] app\api\controller\Video->videoRecommend[ /www/wwwroot/xjc.demo.hongcd.com/application/api/controller/Video.php ]
[ info ] [ DB ] INIT mysql
[ info ] [ LOG ] INIT File
---------------------------------------------------------------
[ 2023-02-25T23:55:48+08:00 ] 220.197.193.195 GET xjc.demo.hongcd.com/api/video/videoRecommend?page=3&uid=1
[运行时间：0.050408s] [吞吐率：19.84req/s] [内存消耗：3,532.06kb] [文件加载：125]
[ info ] [ BEHAVIOR ] Run Closure @app_init [ RunTime:0.000015s ]
[ info ] [ CACHE ] INIT File
[ info ] [ BEHAVIOR ] Run Closure @app_init [ RunTime:0.001006s ]
[ info ] [ LANG ] /www/wwwroot/xjc.demo.hongcd.com/thinkphp/lang/zh-cn.php
[ info ] [ BEHAVIOR ] Run app\common\behavior\Common @app_dispatch [ RunTime:0.000208s ]
[ info ] [ ROUTE ] array (
  'type' => 'module',
  'module' => 
  array (
    0 => 'api',
    1 => 'video',
    2 => 'videoRecommend',
  ),
)
[ info ] [ HEADER ] array (
  'referer' => 'https://servicewechat.com/wx4e210224454a36da/0/page-frame.html',
  'user-agent' => 'Mozilla/5.0 (iPhone; CPU iPhone OS 15_6_1 like Mac OS X) AppleWebKit/605.1.15 (KHTML, like Gecko) Mobile/15E148 MicroMessenger/8.0.32(0x18002035) NetType/WIFI Language/zh_CN',
  'accept-encoding' => 'gzip,compress,br,deflate',
  'content-type' => 'application/json',
  'connection' => 'keep-alive',
  'host' => 'xjc.demo.hongcd.com',
  'content-length' => '',
)
[ info ] [ PARAM ] array (
  'page' => '3',
  'uid' => '1',
)
[ info ] [ LANG ] /www/wwwroot/xjc.demo.hongcd.com/public/../application/api/lang/zh-cn.php
[ info ] [ BEHAVIOR ] Run app\common\behavior\Common @module_init [ RunTime:0.001011s ]
[ info ] [ RUN ] app\api\controller\Video->videoRecommend[ /www/wwwroot/xjc.demo.hongcd.com/application/api/controller/Video.php ]
[ info ] [ DB ] INIT mysql
[ info ] [ LOG ] INIT File
---------------------------------------------------------------
[ 2023-02-25T23:55:53+08:00 ] 220.197.193.195 GET xjc.demo.hongcd.com/api/video/videoRecommend?page=4&uid=1
[运行时间：0.032221s] [吞吐率：31.04req/s] [内存消耗：3,474.38kb] [文件加载：124]
[ info ] [ BEHAVIOR ] Run Closure @app_init [ RunTime:0.000015s ]
[ info ] [ CACHE ] INIT File
[ info ] [ BEHAVIOR ] Run Closure @app_init [ RunTime:0.000928s ]
[ info ] [ LANG ] /www/wwwroot/xjc.demo.hongcd.com/thinkphp/lang/zh-cn.php
[ info ] [ BEHAVIOR ] Run app\common\behavior\Common @app_dispatch [ RunTime:0.000203s ]
[ info ] [ ROUTE ] array (
  'type' => 'module',
  'module' => 
  array (
    0 => 'api',
    1 => 'video',
    2 => 'videoRecommend',
  ),
)
[ info ] [ HEADER ] array (
  'referer' => 'https://servicewechat.com/wx4e210224454a36da/0/page-frame.html',
  'user-agent' => 'Mozilla/5.0 (iPhone; CPU iPhone OS 15_6_1 like Mac OS X) AppleWebKit/605.1.15 (KHTML, like Gecko) Mobile/15E148 MicroMessenger/8.0.32(0x18002035) NetType/WIFI Language/zh_CN',
  'accept-encoding' => 'gzip,compress,br,deflate',
  'content-type' => 'application/json',
  'connection' => 'keep-alive',
  'host' => 'xjc.demo.hongcd.com',
  'content-length' => '',
)
[ info ] [ PARAM ] array (
  'page' => '4',
  'uid' => '1',
)
[ info ] [ LANG ] /www/wwwroot/xjc.demo.hongcd.com/public/../application/api/lang/zh-cn.php
[ info ] [ BEHAVIOR ] Run app\common\behavior\Common @module_init [ RunTime:0.000917s ]
[ info ] [ RUN ] app\api\controller\Video->videoRecommend[ /www/wwwroot/xjc.demo.hongcd.com/application/api/controller/Video.php ]
[ info ] [ DB ] INIT mysql
[ info ] [ LOG ] INIT File
---------------------------------------------------------------
[ 2023-02-25T23:56:24+08:00 ] 220.197.193.195 GET xjc.demo.hongcd.com/api/video/videoRecommend?page=3&uid=0
[运行时间：0.049689s] [吞吐率：20.13req/s] [内存消耗：3,532.67kb] [文件加载：125]
[ info ] [ BEHAVIOR ] Run Closure @app_init [ RunTime:0.000016s ]
[ info ] [ CACHE ] INIT File
[ info ] [ BEHAVIOR ] Run Closure @app_init [ RunTime:0.001041s ]
[ info ] [ LANG ] /www/wwwroot/xjc.demo.hongcd.com/thinkphp/lang/zh-cn.php
[ info ] [ BEHAVIOR ] Run app\common\behavior\Common @app_dispatch [ RunTime:0.000209s ]
[ info ] [ ROUTE ] array (
  'type' => 'module',
  'module' => 
  array (
    0 => 'api',
    1 => 'video',
    2 => 'videoRecommend',
  ),
)
[ info ] [ HEADER ] array (
  'accept-language' => 'zh-CN,zh;q=0.9',
  'accept-encoding' => 'gzip, deflate, br',
  'referer' => 'https://localhost:9999/h5/',
  'sec-fetch-mode' => 'cors',
  'sec-fetch-site' => 'cross-site',
  'origin' => 'https://localhost:9999',
  'accept' => '*/*',
  'user-agent' => 'Mozilla/5.0 (iPhone; CPU iPhone OS 11_0 like Mac OS X) AppleWebKit/604.1.38 (KHTML, like Gecko) Version/11.0 Mobile/15A372 Safari/604.1',
  'host' => 'xjc.demo.hongcd.com',
  'content-type' => '',
  'content-length' => '',
)
[ info ] [ PARAM ] array (
  'page' => '3',
  'uid' => '0',
)
[ info ] [ LANG ] /www/wwwroot/xjc.demo.hongcd.com/public/../application/api/lang/zh-cn.php
[ info ] [ BEHAVIOR ] Run app\common\behavior\Common @module_init [ RunTime:0.001030s ]
[ info ] [ RUN ] app\api\controller\Video->videoRecommend[ /www/wwwroot/xjc.demo.hongcd.com/application/api/controller/Video.php ]
[ info ] [ DB ] INIT mysql
[ info ] [ LOG ] INIT File
---------------------------------------------------------------
[ 2023-02-25T23:56:44+08:00 ] 220.197.193.195 GET xjc.demo.hongcd.com/api/video/videoRecommend?page=1&uid=1
[运行时间：0.051073s] [吞吐率：19.58req/s] [内存消耗：3,534.88kb] [文件加载：125]
[ info ] [ BEHAVIOR ] Run Closure @app_init [ RunTime:0.000015s ]
[ info ] [ CACHE ] INIT File
[ info ] [ BEHAVIOR ] Run Closure @app_init [ RunTime:0.001036s ]
[ info ] [ LANG ] /www/wwwroot/xjc.demo.hongcd.com/thinkphp/lang/zh-cn.php
[ info ] [ BEHAVIOR ] Run app\common\behavior\Common @app_dispatch [ RunTime:0.000217s ]
[ info ] [ ROUTE ] array (
  'type' => 'module',
  'module' => 
  array (
    0 => 'api',
    1 => 'video',
    2 => 'videoRecommend',
  ),
)
[ info ] [ HEADER ] array (
  'accept-encoding' => 'gzip, deflate, br',
  'referer' => 'https://servicewechat.com/wx4e210224454a36da/devtools/page-frame.html',
  'sec-fetch-dest' => 'empty',
  'sec-fetch-mode' => 'cors',
  'sec-fetch-site' => 'cross-site',
  'accept' => '*/*',
  'content-type' => 'application/json',
  'user-agent' => 'Mozilla/5.0 (iPhone; CPU iPhone OS 11_0 like Mac OS X) AppleWebKit/604.1.38 (KHTML, like Gecko) Version/11.0 Mobile/15A372 Safari/604.1 wechatdevtools/1.06.2210310 MicroMessenger/8.0.5 Language/zh_CN webview/',
  'connection' => 'keep-alive',
  'host' => 'xjc.demo.hongcd.com',
  'content-length' => '',
)
[ info ] [ PARAM ] array (
  'page' => '1',
  'uid' => '1',
)
[ info ] [ LANG ] /www/wwwroot/xjc.demo.hongcd.com/public/../application/api/lang/zh-cn.php
[ info ] [ BEHAVIOR ] Run app\common\behavior\Common @module_init [ RunTime:0.000999s ]
[ info ] [ RUN ] app\api\controller\Video->videoRecommend[ /www/wwwroot/xjc.demo.hongcd.com/application/api/controller/Video.php ]
[ info ] [ DB ] INIT mysql
[ info ] [ LOG ] INIT File
---------------------------------------------------------------
[ 2023-02-25T23:56:47+08:00 ] 220.197.193.195 GET xjc.demo.hongcd.com/api/video/videoRecommend?page=1&uid=0
[运行时间：0.049481s] [吞吐率：20.21req/s] [内存消耗：3,534.40kb] [文件加载：125]
[ info ] [ BEHAVIOR ] Run Closure @app_init [ RunTime:0.000017s ]
[ info ] [ CACHE ] INIT File
[ info ] [ BEHAVIOR ] Run Closure @app_init [ RunTime:0.000898s ]
[ info ] [ LANG ] /www/wwwroot/xjc.demo.hongcd.com/thinkphp/lang/zh-cn.php
[ info ] [ BEHAVIOR ] Run app\common\behavior\Common @app_dispatch [ RunTime:0.000180s ]
[ info ] [ ROUTE ] array (
  'type' => 'module',
  'module' => 
  array (
    0 => 'api',
    1 => 'video',
    2 => 'videoRecommend',
  ),
)
[ info ] [ HEADER ] array (
  'accept-language' => 'zh-CN,zh;q=0.9',
  'accept-encoding' => 'gzip, deflate, br',
  'referer' => 'https://localhost:9999/h5/',
  'sec-fetch-mode' => 'cors',
  'sec-fetch-site' => 'cross-site',
  'origin' => 'https://localhost:9999',
  'accept' => '*/*',
  'user-agent' => 'Mozilla/5.0 (iPhone; CPU iPhone OS 11_0 like Mac OS X) AppleWebKit/604.1.38 (KHTML, like Gecko) Version/11.0 Mobile/15A372 Safari/604.1',
  'host' => 'xjc.demo.hongcd.com',
  'content-type' => '',
  'content-length' => '',
)
[ info ] [ PARAM ] array (
  'page' => '1',
  'uid' => '0',
)
[ info ] [ LANG ] /www/wwwroot/xjc.demo.hongcd.com/public/../application/api/lang/zh-cn.php
[ info ] [ BEHAVIOR ] Run app\common\behavior\Common @module_init [ RunTime:0.000903s ]
[ info ] [ RUN ] app\api\controller\Video->videoRecommend[ /www/wwwroot/xjc.demo.hongcd.com/application/api/controller/Video.php ]
[ info ] [ DB ] INIT mysql
[ info ] [ LOG ] INIT File
---------------------------------------------------------------
[ 2023-02-25T23:56:52+08:00 ] 220.197.193.195 GET xjc.demo.hongcd.com/api/video/videoRecommend?page=2&uid=0
[运行时间：0.047445s] [吞吐率：21.08req/s] [内存消耗：3,535.46kb] [文件加载：125]
[ info ] [ BEHAVIOR ] Run Closure @app_init [ RunTime:0.000014s ]
[ info ] [ CACHE ] INIT File
[ info ] [ BEHAVIOR ] Run Closure @app_init [ RunTime:0.000890s ]
[ info ] [ LANG ] /www/wwwroot/xjc.demo.hongcd.com/thinkphp/lang/zh-cn.php
[ info ] [ BEHAVIOR ] Run app\common\behavior\Common @app_dispatch [ RunTime:0.000198s ]
[ info ] [ ROUTE ] array (
  'type' => 'module',
  'module' => 
  array (
    0 => 'api',
    1 => 'video',
    2 => 'videoRecommend',
  ),
)
[ info ] [ HEADER ] array (
  'accept-language' => 'zh-CN,zh;q=0.9',
  'accept-encoding' => 'gzip, deflate, br',
  'referer' => 'https://localhost:9999/h5/',
  'sec-fetch-mode' => 'cors',
  'sec-fetch-site' => 'cross-site',
  'origin' => 'https://localhost:9999',
  'accept' => '*/*',
  'user-agent' => 'Mozilla/5.0 (iPhone; CPU iPhone OS 11_0 like Mac OS X) AppleWebKit/604.1.38 (KHTML, like Gecko) Version/11.0 Mobile/15A372 Safari/604.1',
  'host' => 'xjc.demo.hongcd.com',
  'content-type' => '',
  'content-length' => '',
)
[ info ] [ PARAM ] array (
  'page' => '2',
  'uid' => '0',
)
[ info ] [ LANG ] /www/wwwroot/xjc.demo.hongcd.com/public/../application/api/lang/zh-cn.php
[ info ] [ BEHAVIOR ] Run app\common\behavior\Common @module_init [ RunTime:0.000877s ]
[ info ] [ RUN ] app\api\controller\Video->videoRecommend[ /www/wwwroot/xjc.demo.hongcd.com/application/api/controller/Video.php ]
[ info ] [ DB ] INIT mysql
[ info ] [ LOG ] INIT File
---------------------------------------------------------------
[ 2023-02-25T23:57:10+08:00 ] 220.197.193.195 GET xjc.demo.hongcd.com/api/video/videoRecommend?page=2&uid=1
[运行时间：0.046857s] [吞吐率：21.34req/s] [内存消耗：3,535.94kb] [文件加载：125]
[ info ] [ BEHAVIOR ] Run Closure @app_init [ RunTime:0.000028s ]
[ info ] [ CACHE ] INIT File
[ info ] [ BEHAVIOR ] Run Closure @app_init [ RunTime:0.000925s ]
[ info ] [ LANG ] /www/wwwroot/xjc.demo.hongcd.com/thinkphp/lang/zh-cn.php
[ info ] [ BEHAVIOR ] Run app\common\behavior\Common @app_dispatch [ RunTime:0.000183s ]
[ info ] [ ROUTE ] array (
  'type' => 'module',
  'module' => 
  array (
    0 => 'api',
    1 => 'video',
    2 => 'videoRecommend',
  ),
)
[ info ] [ HEADER ] array (
  'accept-encoding' => 'gzip, deflate, br',
  'referer' => 'https://servicewechat.com/wx4e210224454a36da/devtools/page-frame.html',
  'sec-fetch-dest' => 'empty',
  'sec-fetch-mode' => 'cors',
  'sec-fetch-site' => 'cross-site',
  'accept' => '*/*',
  'content-type' => 'application/json',
  'user-agent' => 'Mozilla/5.0 (iPhone; CPU iPhone OS 11_0 like Mac OS X) AppleWebKit/604.1.38 (KHTML, like Gecko) Version/11.0 Mobile/15A372 Safari/604.1 wechatdevtools/1.06.2210310 MicroMessenger/8.0.5 Language/zh_CN webview/',
  'connection' => 'keep-alive',
  'host' => 'xjc.demo.hongcd.com',
  'content-length' => '',
)
[ info ] [ PARAM ] array (
  'page' => '2',
  'uid' => '1',
)
[ info ] [ LANG ] /www/wwwroot/xjc.demo.hongcd.com/public/../application/api/lang/zh-cn.php
[ info ] [ BEHAVIOR ] Run app\common\behavior\Common @module_init [ RunTime:0.000873s ]
[ info ] [ RUN ] app\api\controller\Video->videoRecommend[ /www/wwwroot/xjc.demo.hongcd.com/application/api/controller/Video.php ]
[ info ] [ DB ] INIT mysql
[ info ] [ LOG ] INIT File
---------------------------------------------------------------
[ 2023-02-25T23:57:25+08:00 ] 220.197.193.195 GET xjc.demo.hongcd.com/api/video/videoRecommend?page=3&uid=1
[运行时间：0.044004s] [吞吐率：22.73req/s] [内存消耗：3,533.15kb] [文件加载：125]
[ info ] [ BEHAVIOR ] Run Closure @app_init [ RunTime:0.000015s ]
[ info ] [ CACHE ] INIT File
[ info ] [ BEHAVIOR ] Run Closure @app_init [ RunTime:0.000889s ]
[ info ] [ LANG ] /www/wwwroot/xjc.demo.hongcd.com/thinkphp/lang/zh-cn.php
[ info ] [ BEHAVIOR ] Run app\common\behavior\Common @app_dispatch [ RunTime:0.000181s ]
[ info ] [ ROUTE ] array (
  'type' => 'module',
  'module' => 
  array (
    0 => 'api',
    1 => 'video',
    2 => 'videoRecommend',
  ),
)
[ info ] [ HEADER ] array (
  'accept-encoding' => 'gzip, deflate, br',
  'referer' => 'https://servicewechat.com/wx4e210224454a36da/devtools/page-frame.html',
  'sec-fetch-dest' => 'empty',
  'sec-fetch-mode' => 'cors',
  'sec-fetch-site' => 'cross-site',
  'accept' => '*/*',
  'content-type' => 'application/json',
  'user-agent' => 'Mozilla/5.0 (iPhone; CPU iPhone OS 11_0 like Mac OS X) AppleWebKit/604.1.38 (KHTML, like Gecko) Version/11.0 Mobile/15A372 Safari/604.1 wechatdevtools/1.06.2210310 MicroMessenger/8.0.5 Language/zh_CN webview/',
  'connection' => 'keep-alive',
  'host' => 'xjc.demo.hongcd.com',
  'content-length' => '',
)
[ info ] [ PARAM ] array (
  'page' => '3',
  'uid' => '1',
)
[ info ] [ LANG ] /www/wwwroot/xjc.demo.hongcd.com/public/../application/api/lang/zh-cn.php
[ info ] [ BEHAVIOR ] Run app\common\behavior\Common @module_init [ RunTime:0.000887s ]
[ info ] [ RUN ] app\api\controller\Video->videoRecommend[ /www/wwwroot/xjc.demo.hongcd.com/application/api/controller/Video.php ]
[ info ] [ DB ] INIT mysql
[ info ] [ LOG ] INIT File
---------------------------------------------------------------
[ 2023-02-25T23:57:54+08:00 ] 220.197.193.195 GET xjc.demo.hongcd.com/api/video/indexdata
[运行时间：0.052921s] [吞吐率：18.90req/s] [内存消耗：3,851.55kb] [文件加载：133]
[ info ] [ BEHAVIOR ] Run Closure @app_init [ RunTime:0.000015s ]
[ info ] [ CACHE ] INIT File
[ info ] [ BEHAVIOR ] Run Closure @app_init [ RunTime:0.000957s ]
[ info ] [ LANG ] /www/wwwroot/xjc.demo.hongcd.com/thinkphp/lang/zh-cn.php
[ info ] [ BEHAVIOR ] Run app\common\behavior\Common @app_dispatch [ RunTime:0.000191s ]
[ info ] [ ROUTE ] array (
  'type' => 'module',
  'module' => 
  array (
    0 => 'api',
    1 => 'video',
    2 => 'indexdata',
  ),
)
[ info ] [ HEADER ] array (
  'accept-encoding' => 'gzip, deflate, br',
  'referer' => 'https://servicewechat.com/wx4e210224454a36da/devtools/page-frame.html',
  'sec-fetch-dest' => 'empty',
  'sec-fetch-mode' => 'cors',
  'sec-fetch-site' => 'cross-site',
  'accept' => '*/*',
  'content-type' => 'application/json',
  'user-agent' => 'Mozilla/5.0 (iPhone; CPU iPhone OS 11_0 like Mac OS X) AppleWebKit/604.1.38 (KHTML, like Gecko) Version/11.0 Mobile/15A372 Safari/604.1 wechatdevtools/1.06.2210310 MicroMessenger/8.0.5 Language/zh_CN webview/',
  'connection' => 'keep-alive',
  'host' => 'xjc.demo.hongcd.com',
  'content-length' => '',
)
[ info ] [ PARAM ] array (
)
[ info ] [ LANG ] /www/wwwroot/xjc.demo.hongcd.com/public/../application/api/lang/zh-cn.php
[ info ] [ BEHAVIOR ] Run app\common\behavior\Common @module_init [ RunTime:0.000912s ]
[ info ] [ RUN ] app\api\controller\Video->indexdata[ /www/wwwroot/xjc.demo.hongcd.com/application/api/controller/Video.php ]
[ info ] [ DB ] INIT mysql
[ info ] [ LOG ] INIT File
---------------------------------------------------------------
[ 2023-02-25T23:57:57+08:00 ] 220.197.193.195 GET xjc.demo.hongcd.com/api/video/videoRecommend?page=1&uid=1
[运行时间：0.049378s] [吞吐率：20.25req/s] [内存消耗：3,534.88kb] [文件加载：125]
[ info ] [ BEHAVIOR ] Run Closure @app_init [ RunTime:0.000016s ]
[ info ] [ CACHE ] INIT File
[ info ] [ BEHAVIOR ] Run Closure @app_init [ RunTime:0.000972s ]
[ info ] [ LANG ] /www/wwwroot/xjc.demo.hongcd.com/thinkphp/lang/zh-cn.php
[ info ] [ BEHAVIOR ] Run app\common\behavior\Common @app_dispatch [ RunTime:0.000242s ]
[ info ] [ ROUTE ] array (
  'type' => 'module',
  'module' => 
  array (
    0 => 'api',
    1 => 'video',
    2 => 'videoRecommend',
  ),
)
[ info ] [ HEADER ] array (
  'accept-encoding' => 'gzip, deflate, br',
  'referer' => 'https://servicewechat.com/wx4e210224454a36da/devtools/page-frame.html',
  'sec-fetch-dest' => 'empty',
  'sec-fetch-mode' => 'cors',
  'sec-fetch-site' => 'cross-site',
  'accept' => '*/*',
  'content-type' => 'application/json',
  'user-agent' => 'Mozilla/5.0 (iPhone; CPU iPhone OS 11_0 like Mac OS X) AppleWebKit/604.1.38 (KHTML, like Gecko) Version/11.0 Mobile/15A372 Safari/604.1 wechatdevtools/1.06.2210310 MicroMessenger/8.0.5 Language/zh_CN webview/',
  'connection' => 'keep-alive',
  'host' => 'xjc.demo.hongcd.com',
  'content-length' => '',
)
[ info ] [ PARAM ] array (
  'page' => '1',
  'uid' => '1',
)
[ info ] [ LANG ] /www/wwwroot/xjc.demo.hongcd.com/public/../application/api/lang/zh-cn.php
[ info ] [ BEHAVIOR ] Run app\common\behavior\Common @module_init [ RunTime:0.001034s ]
[ info ] [ RUN ] app\api\controller\Video->videoRecommend[ /www/wwwroot/xjc.demo.hongcd.com/application/api/controller/Video.php ]
[ info ] [ DB ] INIT mysql
[ info ] [ LOG ] INIT File
---------------------------------------------------------------
[ 2023-02-25T23:58:17+08:00 ] 220.197.193.195 GET xjc.demo.hongcd.com/api/video/videoRecommend?page=3&uid=0
[运行时间：0.047048s] [吞吐率：21.25req/s] [内存消耗：3,532.67kb] [文件加载：125]
[ info ] [ BEHAVIOR ] Run Closure @app_init [ RunTime:0.000014s ]
[ info ] [ CACHE ] INIT File
[ info ] [ BEHAVIOR ] Run Closure @app_init [ RunTime:0.000866s ]
[ info ] [ LANG ] /www/wwwroot/xjc.demo.hongcd.com/thinkphp/lang/zh-cn.php
[ info ] [ BEHAVIOR ] Run app\common\behavior\Common @app_dispatch [ RunTime:0.000177s ]
[ info ] [ ROUTE ] array (
  'type' => 'module',
  'module' => 
  array (
    0 => 'api',
    1 => 'video',
    2 => 'videoRecommend',
  ),
)
[ info ] [ HEADER ] array (
  'accept-language' => 'zh-CN,zh;q=0.9',
  'accept-encoding' => 'gzip, deflate, br',
  'referer' => 'https://localhost:9999/h5/',
  'sec-fetch-mode' => 'cors',
  'sec-fetch-site' => 'cross-site',
  'origin' => 'https://localhost:9999',
  'accept' => '*/*',
  'user-agent' => 'Mozilla/5.0 (iPhone; CPU iPhone OS 11_0 like Mac OS X) AppleWebKit/604.1.38 (KHTML, like Gecko) Version/11.0 Mobile/15A372 Safari/604.1',
  'host' => 'xjc.demo.hongcd.com',
  'content-type' => '',
  'content-length' => '',
)
[ info ] [ PARAM ] array (
  'page' => '3',
  'uid' => '0',
)
[ info ] [ LANG ] /www/wwwroot/xjc.demo.hongcd.com/public/../application/api/lang/zh-cn.php
[ info ] [ BEHAVIOR ] Run app\common\behavior\Common @module_init [ RunTime:0.000861s ]
[ info ] [ RUN ] app\api\controller\Video->videoRecommend[ /www/wwwroot/xjc.demo.hongcd.com/application/api/controller/Video.php ]
[ info ] [ DB ] INIT mysql
[ info ] [ LOG ] INIT File
---------------------------------------------------------------
[ 2023-02-25T23:58:26+08:00 ] 220.197.193.195 GET xjc.demo.hongcd.com/api/video/videoRecommend?page=2&uid=1
[运行时间：0.045039s] [吞吐率：22.20req/s] [内存消耗：3,535.94kb] [文件加载：125]
[ info ] [ BEHAVIOR ] Run Closure @app_init [ RunTime:0.000014s ]
[ info ] [ CACHE ] INIT File
[ info ] [ BEHAVIOR ] Run Closure @app_init [ RunTime:0.000877s ]
[ info ] [ LANG ] /www/wwwroot/xjc.demo.hongcd.com/thinkphp/lang/zh-cn.php
[ info ] [ BEHAVIOR ] Run app\common\behavior\Common @app_dispatch [ RunTime:0.000178s ]
[ info ] [ ROUTE ] array (
  'type' => 'module',
  'module' => 
  array (
    0 => 'api',
    1 => 'video',
    2 => 'videoRecommend',
  ),
)
[ info ] [ HEADER ] array (
  'accept-encoding' => 'gzip, deflate, br',
  'referer' => 'https://servicewechat.com/wx4e210224454a36da/devtools/page-frame.html',
  'sec-fetch-dest' => 'empty',
  'sec-fetch-mode' => 'cors',
  'sec-fetch-site' => 'cross-site',
  'accept' => '*/*',
  'content-type' => 'application/json',
  'user-agent' => 'Mozilla/5.0 (iPhone; CPU iPhone OS 11_0 like Mac OS X) AppleWebKit/604.1.38 (KHTML, like Gecko) Version/11.0 Mobile/15A372 Safari/604.1 wechatdevtools/1.06.2210310 MicroMessenger/8.0.5 Language/zh_CN webview/',
  'connection' => 'keep-alive',
  'host' => 'xjc.demo.hongcd.com',
  'content-length' => '',
)
[ info ] [ PARAM ] array (
  'page' => '2',
  'uid' => '1',
)
[ info ] [ LANG ] /www/wwwroot/xjc.demo.hongcd.com/public/../application/api/lang/zh-cn.php
[ info ] [ BEHAVIOR ] Run app\common\behavior\Common @module_init [ RunTime:0.000842s ]
[ info ] [ RUN ] app\api\controller\Video->videoRecommend[ /www/wwwroot/xjc.demo.hongcd.com/application/api/controller/Video.php ]
[ info ] [ DB ] INIT mysql
[ info ] [ LOG ] INIT File
---------------------------------------------------------------
[ 2023-02-25T23:59:07+08:00 ] 220.197.193.195 GET xjc.demo.hongcd.com/api/video/videoRecommend?page=3&uid=1
[运行时间：0.046192s] [吞吐率：21.65req/s] [内存消耗：3,533.15kb] [文件加载：125]
[ info ] [ BEHAVIOR ] Run Closure @app_init [ RunTime:0.000014s ]
[ info ] [ CACHE ] INIT File
[ info ] [ BEHAVIOR ] Run Closure @app_init [ RunTime:0.000940s ]
[ info ] [ LANG ] /www/wwwroot/xjc.demo.hongcd.com/thinkphp/lang/zh-cn.php
[ info ] [ BEHAVIOR ] Run app\common\behavior\Common @app_dispatch [ RunTime:0.000193s ]
[ info ] [ ROUTE ] array (
  'type' => 'module',
  'module' => 
  array (
    0 => 'api',
    1 => 'video',
    2 => 'videoRecommend',
  ),
)
[ info ] [ HEADER ] array (
  'accept-encoding' => 'gzip, deflate, br',
  'referer' => 'https://servicewechat.com/wx4e210224454a36da/devtools/page-frame.html',
  'sec-fetch-dest' => 'empty',
  'sec-fetch-mode' => 'cors',
  'sec-fetch-site' => 'cross-site',
  'accept' => '*/*',
  'content-type' => 'application/json',
  'user-agent' => 'Mozilla/5.0 (iPhone; CPU iPhone OS 11_0 like Mac OS X) AppleWebKit/604.1.38 (KHTML, like Gecko) Version/11.0 Mobile/15A372 Safari/604.1 wechatdevtools/1.06.2210310 MicroMessenger/8.0.5 Language/zh_CN webview/',
  'connection' => 'keep-alive',
  'host' => 'xjc.demo.hongcd.com',
  'content-length' => '',
)
[ info ] [ PARAM ] array (
  'page' => '3',
  'uid' => '1',
)
[ info ] [ LANG ] /www/wwwroot/xjc.demo.hongcd.com/public/../application/api/lang/zh-cn.php
[ info ] [ BEHAVIOR ] Run app\common\behavior\Common @module_init [ RunTime:0.000916s ]
[ info ] [ RUN ] app\api\controller\Video->videoRecommend[ /www/wwwroot/xjc.demo.hongcd.com/application/api/controller/Video.php ]
[ info ] [ DB ] INIT mysql
[ info ] [ LOG ] INIT File
---------------------------------------------------------------
[ 2023-02-25T23:59:11+08:00 ] 220.197.193.195 GET xjc.demo.hongcd.com/api/video/videoRecommend?page=4&uid=0
[运行时间：0.031729s] [吞吐率：31.52req/s] [内存消耗：3,474.99kb] [文件加载：124]
[ info ] [ BEHAVIOR ] Run Closure @app_init [ RunTime:0.000020s ]
[ info ] [ CACHE ] INIT File
[ info ] [ BEHAVIOR ] Run Closure @app_init [ RunTime:0.001027s ]
[ info ] [ LANG ] /www/wwwroot/xjc.demo.hongcd.com/thinkphp/lang/zh-cn.php
[ info ] [ BEHAVIOR ] Run app\common\behavior\Common @app_dispatch [ RunTime:0.000184s ]
[ info ] [ ROUTE ] array (
  'type' => 'module',
  'module' => 
  array (
    0 => 'api',
    1 => 'video',
    2 => 'videoRecommend',
  ),
)
[ info ] [ HEADER ] array (
  'accept-language' => 'zh-CN,zh;q=0.9',
  'accept-encoding' => 'gzip, deflate, br',
  'referer' => 'https://localhost:9999/h5/',
  'sec-fetch-mode' => 'cors',
  'sec-fetch-site' => 'cross-site',
  'origin' => 'https://localhost:9999',
  'accept' => '*/*',
  'user-agent' => 'Mozilla/5.0 (iPhone; CPU iPhone OS 11_0 like Mac OS X) AppleWebKit/604.1.38 (KHTML, like Gecko) Version/11.0 Mobile/15A372 Safari/604.1',
  'host' => 'xjc.demo.hongcd.com',
  'content-type' => '',
  'content-length' => '',
)
[ info ] [ PARAM ] array (
  'page' => '4',
  'uid' => '0',
)
[ info ] [ LANG ] /www/wwwroot/xjc.demo.hongcd.com/public/../application/api/lang/zh-cn.php
[ info ] [ BEHAVIOR ] Run app\common\behavior\Common @module_init [ RunTime:0.000869s ]
[ info ] [ RUN ] app\api\controller\Video->videoRecommend[ /www/wwwroot/xjc.demo.hongcd.com/application/api/controller/Video.php ]
[ info ] [ DB ] INIT mysql
[ info ] [ LOG ] INIT File
---------------------------------------------------------------
[ 2023-02-25T23:59:37+08:00 ] 220.197.193.195 GET xjc.demo.hongcd.com/api/video/indexdata
[运行时间：0.050072s] [吞吐率：19.97req/s] [内存消耗：3,851.55kb] [文件加载：133]
[ info ] [ BEHAVIOR ] Run Closure @app_init [ RunTime:0.000014s ]
[ info ] [ CACHE ] INIT File
[ info ] [ BEHAVIOR ] Run Closure @app_init [ RunTime:0.000871s ]
[ info ] [ LANG ] /www/wwwroot/xjc.demo.hongcd.com/thinkphp/lang/zh-cn.php
[ info ] [ BEHAVIOR ] Run app\common\behavior\Common @app_dispatch [ RunTime:0.000197s ]
[ info ] [ ROUTE ] array (
  'type' => 'module',
  'module' => 
  array (
    0 => 'api',
    1 => 'video',
    2 => 'indexdata',
  ),
)
[ info ] [ HEADER ] array (
  'accept-encoding' => 'gzip, deflate, br',
  'referer' => 'https://servicewechat.com/wx4e210224454a36da/devtools/page-frame.html',
  'sec-fetch-dest' => 'empty',
  'sec-fetch-mode' => 'cors',
  'sec-fetch-site' => 'cross-site',
  'accept' => '*/*',
  'content-type' => 'application/json',
  'user-agent' => 'Mozilla/5.0 (iPhone; CPU iPhone OS 11_0 like Mac OS X) AppleWebKit/604.1.38 (KHTML, like Gecko) Version/11.0 Mobile/15A372 Safari/604.1 wechatdevtools/1.06.2210310 MicroMessenger/8.0.5 Language/zh_CN webview/',
  'connection' => 'keep-alive',
  'host' => 'xjc.demo.hongcd.com',
  'content-length' => '',
)
[ info ] [ PARAM ] array (
)
[ info ] [ LANG ] /www/wwwroot/xjc.demo.hongcd.com/public/../application/api/lang/zh-cn.php
[ info ] [ BEHAVIOR ] Run app\common\behavior\Common @module_init [ RunTime:0.000856s ]
[ info ] [ RUN ] app\api\controller\Video->indexdata[ /www/wwwroot/xjc.demo.hongcd.com/application/api/controller/Video.php ]
[ info ] [ DB ] INIT mysql
[ info ] [ LOG ] INIT File
